Determining if the getaddrinfo exist failed with the following output:
Change Dir: /home/anthony/clemsonResearch/obdgpslogger/build/CMakeFiles/CMakeTmp

Run Build Command:/usr/bin/make "cmTryCompileExec2020733977/fast"
/usr/bin/make -f CMakeFiles/cmTryCompileExec2020733977.dir/build.make CMakeFiles/cmTryCompileExec2020733977.dir/build
make[1]: Entering directory `/home/anthony/clemsonResearch/obdgpslogger/build/CMakeFiles/CMakeTmp'
/usr/bin/cmake -E cmake_progress_report /home/anthony/clemsonResearch/obdgpslogger/build/CMakeFiles/CMakeTmp/CMakeFiles 1
Building C object CMakeFiles/cmTryCompileExec2020733977.dir/CheckSymbolExists.c.o
/usr/bin/gcc    -o CMakeFiles/cmTryCompileExec2020733977.dir/CheckSymbolExists.c.o   -c /home/anthony/clemsonResearch/obdgpslogger/build/CMakeFiles/CMakeTmp/CheckSymbolExists.c
/home/anthony/clemsonResearch/obdgpslogger/build/CMakeFiles/CMakeTmp/CheckSymbolExists.c: In function ‘main’:
/home/anthony/clemsonResearch/obdgpslogger/build/CMakeFiles/CMakeTmp/CheckSymbolExists.c:8:19: error: ‘getaddrinfo’ undeclared (first use in this function)
/home/anthony/clemsonResearch/obdgpslogger/build/CMakeFiles/CMakeTmp/CheckSymbolExists.c:8:19: note: each undeclared identifier is reported only once for each function it appears in
make[1]: *** [CMakeFiles/cmTryCompileExec2020733977.dir/CheckSymbolExists.c.o] Error 1
make[1]: Leaving directory `/home/anthony/clemsonResearch/obdgpslogger/build/CMakeFiles/CMakeTmp'
make: *** [cmTryCompileExec2020733977/fast] Error 2

File /home/anthony/clemsonResearch/obdgpslogger/build/CMakeFiles/CMakeTmp/CheckSymbolExists.c:
/* */
#include <sys/socket.h>

int main(int argc, char** argv)
{
  (void)argv;
#ifndef getaddrinfo
  return ((int*)(&getaddrinfo))[argc];
#else
  (void)argc;
  return 0;
#endif
}

Determining if the BTPROTO_RFCOMM exist failed with the following output:
Change Dir: /home/anthony/clemsonResearch/obdgpslogger/build/CMakeFiles/CMakeTmp

Run Build Command:/usr/bin/make "cmTryCompileExec1805521828/fast"
/usr/bin/make -f CMakeFiles/cmTryCompileExec1805521828.dir/build.make CMakeFiles/cmTryCompileExec1805521828.dir/build
make[1]: Entering directory `/home/anthony/clemsonResearch/obdgpslogger/build/CMakeFiles/CMakeTmp'
/usr/bin/cmake -E cmake_progress_report /home/anthony/clemsonResearch/obdgpslogger/build/CMakeFiles/CMakeTmp/CMakeFiles 1
Building C object CMakeFiles/cmTryCompileExec1805521828.dir/CheckSymbolExists.c.o
/usr/bin/gcc    -o CMakeFiles/cmTryCompileExec1805521828.dir/CheckSymbolExists.c.o   -c /home/anthony/clemsonResearch/obdgpslogger/build/CMakeFiles/CMakeTmp/CheckSymbolExists.c
/home/anthony/clemsonResearch/obdgpslogger/build/CMakeFiles/CMakeTmp/CheckSymbolExists.c:2:33: fatal error: bluetooth/bluetooth.h: No such file or directory
compilation terminated.
make[1]: *** [CMakeFiles/cmTryCompileExec1805521828.dir/CheckSymbolExists.c.o] Error 1
make[1]: Leaving directory `/home/anthony/clemsonResearch/obdgpslogger/build/CMakeFiles/CMakeTmp'
make: *** [cmTryCompileExec1805521828/fast] Error 2

File /home/anthony/clemsonResearch/obdgpslogger/build/CMakeFiles/CMakeTmp/CheckSymbolExists.c:
/* */
#include <bluetooth/bluetooth.h>

int main(int argc, char** argv)
{
  (void)argv;
#ifndef BTPROTO_RFCOMM
  return ((int*)(&BTPROTO_RFCOMM))[argc];
#else
  (void)argc;
  return 0;
#endif
}

