The system is: Linux - 3.5.0-18-generic - x86_64
Compiling the C compiler identification source file "CMakeCCompilerId.c" succeeded.
Compiler: /usr/bin/gcc 
Build flags: 
Id flags: 

The output was:
0


Compilation of the C compiler identification source "CMakeCCompilerId.c" produced "a.out"

The C compiler identification is GNU, found in "/home/anthony/clemsonResearch/obdgpslogger/build/CMakeFiles/CompilerIdC/a.out"

Compiling the CXX compiler identification source file "CMakeCXXCompilerId.cpp" succeeded.
Compiler: /usr/bin/c++ 
Build flags: 
Id flags: 

The output was:
0


Compilation of the CXX compiler identification source "CMakeCXXCompilerId.cpp" produced "a.out"

The CXX compiler identification is GNU, found in "/home/anthony/clemsonResearch/obdgpslogger/build/CMakeFiles/CompilerIdCXX/a.out"

Determining if the C compiler works passed with the following output:
Change Dir: /home/anthony/clemsonResearch/obdgpslogger/build/CMakeFiles/CMakeTmp

Run Build Command:/usr/bin/make "cmTryCompileExec4046759389/fast"
/usr/bin/make -f CMakeFiles/cmTryCompileExec4046759389.dir/build.make CMakeFiles/cmTryCompileExec4046759389.dir/build
make[1]: Entering directory `/home/anthony/clemsonResearch/obdgpslogger/build/CMakeFiles/CMakeTmp'
/usr/bin/cmake -E cmake_progress_report /home/anthony/clemsonResearch/obdgpslogger/build/CMakeFiles/CMakeTmp/CMakeFiles 1
Building C object CMakeFiles/cmTryCompileExec4046759389.dir/testCCompiler.c.o
/usr/bin/gcc    -o CMakeFiles/cmTryCompileExec4046759389.dir/testCCompiler.c.o   -c /home/anthony/clemsonResearch/obdgpslogger/build/CMakeFiles/CMakeTmp/testCCompiler.c
Linking C executable cmTryCompileExec4046759389
/usr/bin/cmake -E cmake_link_script CMakeFiles/cmTryCompileExec4046759389.dir/link.txt --verbose=1
/usr/bin/gcc         CMakeFiles/cmTryCompileExec4046759389.dir/testCCompiler.c.o  -o cmTryCompileExec4046759389 -rdynamic 
make[1]: Leaving directory `/home/anthony/clemsonResearch/obdgpslogger/build/CMakeFiles/CMakeTmp'


Detecting C compiler ABI info compiled with the following output:
Change Dir: /home/anthony/clemsonResearch/obdgpslogger/build/CMakeFiles/CMakeTmp

Run Build Command:/usr/bin/make "cmTryCompileExec3183354581/fast"
/usr/bin/make -f CMakeFiles/cmTryCompileExec3183354581.dir/build.make CMakeFiles/cmTryCompileExec3183354581.dir/build
make[1]: Entering directory `/home/anthony/clemsonResearch/obdgpslogger/build/CMakeFiles/CMakeTmp'
/usr/bin/cmake -E cmake_progress_report /home/anthony/clemsonResearch/obdgpslogger/build/CMakeFiles/CMakeTmp/CMakeFiles 1
Building C object CMakeFiles/cmTryCompileExec3183354581.dir/CMakeCCompilerABI.c.o
/usr/bin/gcc    -o CMakeFiles/cmTryCompileExec3183354581.dir/CMakeCCompilerABI.c.o   -c /usr/share/cmake-2.8/Modules/CMakeCCompilerABI.c
Linking C executable cmTryCompileExec3183354581
/usr/bin/cmake -E cmake_link_script CMakeFiles/cmTryCompileExec3183354581.dir/link.txt --verbose=1
/usr/bin/gcc       -v CMakeFiles/cmTryCompileExec3183354581.dir/CMakeCCompilerABI.c.o  -o cmTryCompileExec3183354581 -rdynamic  
Using built-in specs.
COLLECT_GCC=/usr/bin/gcc
COLLECT_LTO_WRAPPER=/usr/lib/gcc/x86_64-linux-gnu/4.7/lto-wrapper
Target: x86_64-linux-gnu
Configured with: ../src/configure -v --with-pkgversion='Ubuntu/Linaro 4.7.2-2ubuntu1' --with-bugurl=file:///usr/share/doc/gcc-4.7/README.Bugs --enable-languages=c,c++,go,fortran,objc,obj-c++ --prefix=/usr --program-suffix=-4.7 --enable-shared --enable-linker-build-id --with-system-zlib --libexecdir=/usr/lib --without-included-gettext --enable-threads=posix --with-gxx-include-dir=/usr/include/c++/4.7 --libdir=/usr/lib --enable-nls --with-sysroot=/ --enable-clocale=gnu --enable-libstdcxx-debug --enable-libstdcxx-time=yes --enable-gnu-unique-object --enable-plugin --enable-objc-gc --disable-werror --with-arch-32=i686 --with-tune=generic --enable-checking=release --build=x86_64-linux-gnu --host=x86_64-linux-gnu --target=x86_64-linux-gnu
Thread model: posix
gcc version 4.7.2 (Ubuntu/Linaro 4.7.2-2ubuntu1) 
COMPILER_PATH=/usr/lib/gcc/x86_64-linux-gnu/4.7/:/usr/lib/gcc/x86_64-linux-gnu/4.7/:/usr/lib/gcc/x86_64-linux-gnu/:/usr/lib/gcc/x86_64-linux-gnu/4.7/:/usr/lib/gcc/x86_64-linux-gnu/
LIBRARY_PATH=/usr/lib/gcc/x86_64-linux-gnu/4.7/:/usr/lib/gcc/x86_64-linux-gnu/4.7/../../../x86_64-linux-gnu/:/usr/lib/gcc/x86_64-linux-gnu/4.7/../../../../lib/:/lib/x86_64-linux-gnu/:/lib/../lib/:/usr/lib/x86_64-linux-gnu/:/usr/lib/../lib/:/usr/lib/gcc/x86_64-linux-gnu/4.7/../../../:/lib/:/usr/lib/
COLLECT_GCC_OPTIONS='-v' '-o' 'cmTryCompileExec3183354581' '-rdynamic' '-mtune=generic' '-march=x86-64'
 /usr/lib/gcc/x86_64-linux-gnu/4.7/collect2 --sysroot=/ --build-id --no-add-needed --as-needed --eh-frame-hdr -m elf_x86_64 --hash-style=gnu -export-dynamic -dynamic-linker /lib64/ld-linux-x86-64.so.2 -z relro -o cmTryCompileExec3183354581 /usr/lib/gcc/x86_64-linux-gnu/4.7/../../../x86_64-linux-gnu/crt1.o /usr/lib/gcc/x86_64-linux-gnu/4.7/../../../x86_64-linux-gnu/crti.o /usr/lib/gcc/x86_64-linux-gnu/4.7/crtbegin.o -L/usr/lib/gcc/x86_64-linux-gnu/4.7 -L/usr/lib/gcc/x86_64-linux-gnu/4.7/../../../x86_64-linux-gnu -L/usr/lib/gcc/x86_64-linux-gnu/4.7/../../../../lib -L/lib/x86_64-linux-gnu -L/lib/../lib -L/usr/lib/x86_64-linux-gnu -L/usr/lib/../lib -L/usr/lib/gcc/x86_64-linux-gnu/4.7/../../.. CMakeFiles/cmTryCompileExec3183354581.dir/CMakeCCompilerABI.c.o -lgcc --as-needed -lgcc_s --no-as-needed -lc -lgcc --as-needed -lgcc_s --no-as-needed /usr/lib/gcc/x86_64-linux-gnu/4.7/crtend.o /usr/lib/gcc/x86_64-linux-gnu/4.7/../../../x86_64-linux-gnu/crtn.o
make[1]: Leaving directory `/home/anthony/clemsonResearch/obdgpslogger/build/CMakeFiles/CMakeTmp'


Parsed C implicit link information from above output:
  link line regex: [^( *|.*[/\])(ld|ld|collect2)[^/\]*( |$)]
  ignore line: [Change Dir: /home/anthony/clemsonResearch/obdgpslogger/build/CMakeFiles/CMakeTmp]
  ignore line: []
  ignore line: [Run Build Command:/usr/bin/make "cmTryCompileExec3183354581/fast"]
  ignore line: [/usr/bin/make -f CMakeFiles/cmTryCompileExec3183354581.dir/build.make CMakeFiles/cmTryCompileExec3183354581.dir/build]
  ignore line: [make[1]: Entering directory `/home/anthony/clemsonResearch/obdgpslogger/build/CMakeFiles/CMakeTmp']
  ignore line: [/usr/bin/cmake -E cmake_progress_report /home/anthony/clemsonResearch/obdgpslogger/build/CMakeFiles/CMakeTmp/CMakeFiles 1]
  ignore line: [Building C object CMakeFiles/cmTryCompileExec3183354581.dir/CMakeCCompilerABI.c.o]
  ignore line: [/usr/bin/gcc    -o CMakeFiles/cmTryCompileExec3183354581.dir/CMakeCCompilerABI.c.o   -c /usr/share/cmake-2.8/Modules/CMakeCCompilerABI.c]
  ignore line: [Linking C executable cmTryCompileExec3183354581]
  ignore line: [/usr/bin/cmake -E cmake_link_script CMakeFiles/cmTryCompileExec3183354581.dir/link.txt --verbose=1]
  ignore line: [/usr/bin/gcc       -v CMakeFiles/cmTryCompileExec3183354581.dir/CMakeCCompilerABI.c.o  -o cmTryCompileExec3183354581 -rdynamic  ]
  ignore line: [Using built-in specs.]
  ignore line: [COLLECT_GCC=/usr/bin/gcc]
  ignore line: [COLLECT_LTO_WRAPPER=/usr/lib/gcc/x86_64-linux-gnu/4.7/lto-wrapper]
  ignore line: [Target: x86_64-linux-gnu]
  ignore line: [Configured with: ../src/configure -v --with-pkgversion='Ubuntu/Linaro 4.7.2-2ubuntu1' --with-bugurl=file:///usr/share/doc/gcc-4.7/README.Bugs --enable-languages=c,c++,go,fortran,objc,obj-c++ --prefix=/usr --program-suffix=-4.7 --enable-shared --enable-linker-build-id --with-system-zlib --libexecdir=/usr/lib --without-included-gettext --enable-threads=posix --with-gxx-include-dir=/usr/include/c++/4.7 --libdir=/usr/lib --enable-nls --with-sysroot=/ --enable-clocale=gnu --enable-libstdcxx-debug --enable-libstdcxx-time=yes --enable-gnu-unique-object --enable-plugin --enable-objc-gc --disable-werror --with-arch-32=i686 --with-tune=generic --enable-checking=release --build=x86_64-linux-gnu --host=x86_64-linux-gnu --target=x86_64-linux-gnu]
  ignore line: [Thread model: posix]
  ignore line: [gcc version 4.7.2 (Ubuntu/Linaro 4.7.2-2ubuntu1) ]
  ignore line: [COMPILER_PATH=/usr/lib/gcc/x86_64-linux-gnu/4.7/:/usr/lib/gcc/x86_64-linux-gnu/4.7/:/usr/lib/gcc/x86_64-linux-gnu/:/usr/lib/gcc/x86_64-linux-gnu/4.7/:/usr/lib/gcc/x86_64-linux-gnu/]
  ignore line: [LIBRARY_PATH=/usr/lib/gcc/x86_64-linux-gnu/4.7/:/usr/lib/gcc/x86_64-linux-gnu/4.7/../../../x86_64-linux-gnu/:/usr/lib/gcc/x86_64-linux-gnu/4.7/../../../../lib/:/lib/x86_64-linux-gnu/:/lib/../lib/:/usr/lib/x86_64-linux-gnu/:/usr/lib/../lib/:/usr/lib/gcc/x86_64-linux-gnu/4.7/../../../:/lib/:/usr/lib/]
  ignore line: [COLLECT_GCC_OPTIONS='-v' '-o' 'cmTryCompileExec3183354581' '-rdynamic' '-mtune=generic' '-march=x86-64']
  link line: [ /usr/lib/gcc/x86_64-linux-gnu/4.7/collect2 --sysroot=/ --build-id --no-add-needed --as-needed --eh-frame-hdr -m elf_x86_64 --hash-style=gnu -export-dynamic -dynamic-linker /lib64/ld-linux-x86-64.so.2 -z relro -o cmTryCompileExec3183354581 /usr/lib/gcc/x86_64-linux-gnu/4.7/../../../x86_64-linux-gnu/crt1.o /usr/lib/gcc/x86_64-linux-gnu/4.7/../../../x86_64-linux-gnu/crti.o /usr/lib/gcc/x86_64-linux-gnu/4.7/crtbegin.o -L/usr/lib/gcc/x86_64-linux-gnu/4.7 -L/usr/lib/gcc/x86_64-linux-gnu/4.7/../../../x86_64-linux-gnu -L/usr/lib/gcc/x86_64-linux-gnu/4.7/../../../../lib -L/lib/x86_64-linux-gnu -L/lib/../lib -L/usr/lib/x86_64-linux-gnu -L/usr/lib/../lib -L/usr/lib/gcc/x86_64-linux-gnu/4.7/../../.. CMakeFiles/cmTryCompileExec3183354581.dir/CMakeCCompilerABI.c.o -lgcc --as-needed -lgcc_s --no-as-needed -lc -lgcc --as-needed -lgcc_s --no-as-needed /usr/lib/gcc/x86_64-linux-gnu/4.7/crtend.o /usr/lib/gcc/x86_64-linux-gnu/4.7/../../../x86_64-linux-gnu/crtn.o]
    arg [/usr/lib/gcc/x86_64-linux-gnu/4.7/collect2] ==> ignore
    arg [--sysroot=/] ==> ignore
    arg [--build-id] ==> ignore
    arg [--no-add-needed] ==> ignore
    arg [--as-needed] ==> ignore
    arg [--eh-frame-hdr] ==> ignore
    arg [-m] ==> ignore
    arg [elf_x86_64] ==> ignore
    arg [--hash-style=gnu] ==> ignore
    arg [-export-dynamic] ==> ignore
    arg [-dynamic-linker] ==> ignore
    arg [/lib64/ld-linux-x86-64.so.2] ==> ignore
    arg [-zrelro] ==> ignore
    arg [-o] ==> ignore
    arg [cmTryCompileExec3183354581] ==> ignore
    arg [/usr/lib/gcc/x86_64-linux-gnu/4.7/../../../x86_64-linux-gnu/crt1.o] ==> ignore
    arg [/usr/lib/gcc/x86_64-linux-gnu/4.7/../../../x86_64-linux-gnu/crti.o] ==> ignore
    arg [/usr/lib/gcc/x86_64-linux-gnu/4.7/crtbegin.o] ==> ignore
    arg [-L/usr/lib/gcc/x86_64-linux-gnu/4.7] ==> dir [/usr/lib/gcc/x86_64-linux-gnu/4.7]
    arg [-L/usr/lib/gcc/x86_64-linux-gnu/4.7/../../../x86_64-linux-gnu] ==> dir [/usr/lib/gcc/x86_64-linux-gnu/4.7/../../../x86_64-linux-gnu]
    arg [-L/usr/lib/gcc/x86_64-linux-gnu/4.7/../../../../lib] ==> dir [/usr/lib/gcc/x86_64-linux-gnu/4.7/../../../../lib]
    arg [-L/lib/x86_64-linux-gnu] ==> dir [/lib/x86_64-linux-gnu]
    arg [-L/lib/../lib] ==> dir [/lib/../lib]
    arg [-L/usr/lib/x86_64-linux-gnu] ==> dir [/usr/lib/x86_64-linux-gnu]
    arg [-L/usr/lib/../lib] ==> dir [/usr/lib/../lib]
    arg [-L/usr/lib/gcc/x86_64-linux-gnu/4.7/../../..] ==> dir [/usr/lib/gcc/x86_64-linux-gnu/4.7/../../..]
    arg [CMakeFiles/cmTryCompileExec3183354581.dir/CMakeCCompilerABI.c.o] ==> ignore
    arg [-lgcc] ==> lib [gcc]
    arg [--as-needed] ==> ignore
    arg [-lgcc_s] ==> lib [gcc_s]
    arg [--no-as-needed] ==> ignore
    arg [-lc] ==> lib [c]
    arg [-lgcc] ==> lib [gcc]
    arg [--as-needed] ==> ignore
    arg [-lgcc_s] ==> lib [gcc_s]
    arg [--no-as-needed] ==> ignore
    arg [/usr/lib/gcc/x86_64-linux-gnu/4.7/crtend.o] ==> ignore
    arg [/usr/lib/gcc/x86_64-linux-gnu/4.7/../../../x86_64-linux-gnu/crtn.o] ==> ignore
  remove lib [gcc]
  remove lib [gcc_s]
  remove lib [gcc]
  remove lib [gcc_s]
  collapse dir [/usr/lib/gcc/x86_64-linux-gnu/4.7] ==> [/usr/lib/gcc/x86_64-linux-gnu/4.7]
  collapse dir [/usr/lib/gcc/x86_64-linux-gnu/4.7/../../../x86_64-linux-gnu] ==> [/usr/lib/x86_64-linux-gnu]
  collapse dir [/usr/lib/gcc/x86_64-linux-gnu/4.7/../../../../lib] ==> [/usr/lib]
  collapse dir [/lib/x86_64-linux-gnu] ==> [/lib/x86_64-linux-gnu]
  collapse dir [/lib/../lib] ==> [/lib]
  collapse dir [/usr/lib/x86_64-linux-gnu] ==> [/usr/lib/x86_64-linux-gnu]
  collapse dir [/usr/lib/../lib] ==> [/usr/lib]
  collapse dir [/usr/lib/gcc/x86_64-linux-gnu/4.7/../../..] ==> [/usr/lib]
  implicit libs: [c]
  implicit dirs: [/usr/lib/gcc/x86_64-linux-gnu/4.7;/usr/lib/x86_64-linux-gnu;/usr/lib;/lib/x86_64-linux-gnu;/lib]


Determining if the CXX compiler works passed with the following output:
Change Dir: /home/anthony/clemsonResearch/obdgpslogger/build/CMakeFiles/CMakeTmp

Run Build Command:/usr/bin/make "cmTryCompileExec2774821585/fast"
/usr/bin/make -f CMakeFiles/cmTryCompileExec2774821585.dir/build.make CMakeFiles/cmTryCompileExec2774821585.dir/build
make[1]: Entering directory `/home/anthony/clemsonResearch/obdgpslogger/build/CMakeFiles/CMakeTmp'
/usr/bin/cmake -E cmake_progress_report /home/anthony/clemsonResearch/obdgpslogger/build/CMakeFiles/CMakeTmp/CMakeFiles 1
Building CXX object CMakeFiles/cmTryCompileExec2774821585.dir/testCXXCompiler.cxx.o
/usr/bin/c++     -o CMakeFiles/cmTryCompileExec2774821585.dir/testCXXCompiler.cxx.o -c /home/anthony/clemsonResearch/obdgpslogger/build/CMakeFiles/CMakeTmp/testCXXCompiler.cxx
Linking CXX executable cmTryCompileExec2774821585
/usr/bin/cmake -E cmake_link_script CMakeFiles/cmTryCompileExec2774821585.dir/link.txt --verbose=1
/usr/bin/c++          CMakeFiles/cmTryCompileExec2774821585.dir/testCXXCompiler.cxx.o  -o cmTryCompileExec2774821585 -rdynamic 
make[1]: Leaving directory `/home/anthony/clemsonResearch/obdgpslogger/build/CMakeFiles/CMakeTmp'


Detecting CXX compiler ABI info compiled with the following output:
Change Dir: /home/anthony/clemsonResearch/obdgpslogger/build/CMakeFiles/CMakeTmp

Run Build Command:/usr/bin/make "cmTryCompileExec399787681/fast"
/usr/bin/make -f CMakeFiles/cmTryCompileExec399787681.dir/build.make CMakeFiles/cmTryCompileExec399787681.dir/build
make[1]: Entering directory `/home/anthony/clemsonResearch/obdgpslogger/build/CMakeFiles/CMakeTmp'
/usr/bin/cmake -E cmake_progress_report /home/anthony/clemsonResearch/obdgpslogger/build/CMakeFiles/CMakeTmp/CMakeFiles 1
Building CXX object CMakeFiles/cmTryCompileExec399787681.dir/CMakeCXXCompilerABI.cpp.o
/usr/bin/c++     -o CMakeFiles/cmTryCompileExec399787681.dir/CMakeCXXCompilerABI.cpp.o -c /usr/share/cmake-2.8/Modules/CMakeCXXCompilerABI.cpp
Linking CXX executable cmTryCompileExec399787681
/usr/bin/cmake -E cmake_link_script CMakeFiles/cmTryCompileExec399787681.dir/link.txt --verbose=1
/usr/bin/c++        -v CMakeFiles/cmTryCompileExec399787681.dir/CMakeCXXCompilerABI.cpp.o  -o cmTryCompileExec399787681 -rdynamic  
Using built-in specs.
COLLECT_GCC=/usr/bin/c++
COLLECT_LTO_WRAPPER=/usr/lib/gcc/x86_64-linux-gnu/4.7/lto-wrapper
Target: x86_64-linux-gnu
Configured with: ../src/configure -v --with-pkgversion='Ubuntu/Linaro 4.7.2-2ubuntu1' --with-bugurl=file:///usr/share/doc/gcc-4.7/README.Bugs --enable-languages=c,c++,go,fortran,objc,obj-c++ --prefix=/usr --program-suffix=-4.7 --enable-shared --enable-linker-build-id --with-system-zlib --libexecdir=/usr/lib --without-included-gettext --enable-threads=posix --with-gxx-include-dir=/usr/include/c++/4.7 --libdir=/usr/lib --enable-nls --with-sysroot=/ --enable-clocale=gnu --enable-libstdcxx-debug --enable-libstdcxx-time=yes --enable-gnu-unique-object --enable-plugin --enable-objc-gc --disable-werror --with-arch-32=i686 --with-tune=generic --enable-checking=release --build=x86_64-linux-gnu --host=x86_64-linux-gnu --target=x86_64-linux-gnu
Thread model: posix
gcc version 4.7.2 (Ubuntu/Linaro 4.7.2-2ubuntu1) 
COMPILER_PATH=/usr/lib/gcc/x86_64-linux-gnu/4.7/:/usr/lib/gcc/x86_64-linux-gnu/4.7/:/usr/lib/gcc/x86_64-linux-gnu/:/usr/lib/gcc/x86_64-linux-gnu/4.7/:/usr/lib/gcc/x86_64-linux-gnu/
LIBRARY_PATH=/usr/lib/gcc/x86_64-linux-gnu/4.7/:/usr/lib/gcc/x86_64-linux-gnu/4.7/../../../x86_64-linux-gnu/:/usr/lib/gcc/x86_64-linux-gnu/4.7/../../../../lib/:/lib/x86_64-linux-gnu/:/lib/../lib/:/usr/lib/x86_64-linux-gnu/:/usr/lib/../lib/:/usr/lib/gcc/x86_64-linux-gnu/4.7/../../../:/lib/:/usr/lib/
COLLECT_GCC_OPTIONS='-v' '-o' 'cmTryCompileExec399787681' '-rdynamic' '-shared-libgcc' '-mtune=generic' '-march=x86-64'
 /usr/lib/gcc/x86_64-linux-gnu/4.7/collect2 --sysroot=/ --build-id --no-add-needed --as-needed --eh-frame-hdr -m elf_x86_64 --hash-style=gnu -export-dynamic -dynamic-linker /lib64/ld-linux-x86-64.so.2 -z relro -o cmTryCompileExec399787681 /usr/lib/gcc/x86_64-linux-gnu/4.7/../../../x86_64-linux-gnu/crt1.o /usr/lib/gcc/x86_64-linux-gnu/4.7/../../../x86_64-linux-gnu/crti.o /usr/lib/gcc/x86_64-linux-gnu/4.7/crtbegin.o -L/usr/lib/gcc/x86_64-linux-gnu/4.7 -L/usr/lib/gcc/x86_64-linux-gnu/4.7/../../../x86_64-linux-gnu -L/usr/lib/gcc/x86_64-linux-gnu/4.7/../../../../lib -L/lib/x86_64-linux-gnu -L/lib/../lib -L/usr/lib/x86_64-linux-gnu -L/usr/lib/../lib -L/usr/lib/gcc/x86_64-linux-gnu/4.7/../../.. CMakeFiles/cmTryCompileExec399787681.dir/CMakeCXXCompilerABI.cpp.o -lstdc++ -lm -lgcc_s -lgcc -lc -lgcc_s -lgcc /usr/lib/gcc/x86_64-linux-gnu/4.7/crtend.o /usr/lib/gcc/x86_64-linux-gnu/4.7/../../../x86_64-linux-gnu/crtn.o
make[1]: Leaving directory `/home/anthony/clemsonResearch/obdgpslogger/build/CMakeFiles/CMakeTmp'


Parsed CXX implicit link information from above output:
  link line regex: [^( *|.*[/\])(ld|ld|collect2)[^/\]*( |$)]
  ignore line: [Change Dir: /home/anthony/clemsonResearch/obdgpslogger/build/CMakeFiles/CMakeTmp]
  ignore line: []
  ignore line: [Run Build Command:/usr/bin/make "cmTryCompileExec399787681/fast"]
  ignore line: [/usr/bin/make -f CMakeFiles/cmTryCompileExec399787681.dir/build.make CMakeFiles/cmTryCompileExec399787681.dir/build]
  ignore line: [make[1]: Entering directory `/home/anthony/clemsonResearch/obdgpslogger/build/CMakeFiles/CMakeTmp']
  ignore line: [/usr/bin/cmake -E cmake_progress_report /home/anthony/clemsonResearch/obdgpslogger/build/CMakeFiles/CMakeTmp/CMakeFiles 1]
  ignore line: [Building CXX object CMakeFiles/cmTryCompileExec399787681.dir/CMakeCXXCompilerABI.cpp.o]
  ignore line: [/usr/bin/c++     -o CMakeFiles/cmTryCompileExec399787681.dir/CMakeCXXCompilerABI.cpp.o -c /usr/share/cmake-2.8/Modules/CMakeCXXCompilerABI.cpp]
  ignore line: [Linking CXX executable cmTryCompileExec399787681]
  ignore line: [/usr/bin/cmake -E cmake_link_script CMakeFiles/cmTryCompileExec399787681.dir/link.txt --verbose=1]
  ignore line: [/usr/bin/c++        -v CMakeFiles/cmTryCompileExec399787681.dir/CMakeCXXCompilerABI.cpp.o  -o cmTryCompileExec399787681 -rdynamic  ]
  ignore line: [Using built-in specs.]
  ignore line: [COLLECT_GCC=/usr/bin/c++]
  ignore line: [COLLECT_LTO_WRAPPER=/usr/lib/gcc/x86_64-linux-gnu/4.7/lto-wrapper]
  ignore line: [Target: x86_64-linux-gnu]
  ignore line: [Configured with: ../src/configure -v --with-pkgversion='Ubuntu/Linaro 4.7.2-2ubuntu1' --with-bugurl=file:///usr/share/doc/gcc-4.7/README.Bugs --enable-languages=c,c++,go,fortran,objc,obj-c++ --prefix=/usr --program-suffix=-4.7 --enable-shared --enable-linker-build-id --with-system-zlib --libexecdir=/usr/lib --without-included-gettext --enable-threads=posix --with-gxx-include-dir=/usr/include/c++/4.7 --libdir=/usr/lib --enable-nls --with-sysroot=/ --enable-clocale=gnu --enable-libstdcxx-debug --enable-libstdcxx-time=yes --enable-gnu-unique-object --enable-plugin --enable-objc-gc --disable-werror --with-arch-32=i686 --with-tune=generic --enable-checking=release --build=x86_64-linux-gnu --host=x86_64-linux-gnu --target=x86_64-linux-gnu]
  ignore line: [Thread model: posix]
  ignore line: [gcc version 4.7.2 (Ubuntu/Linaro 4.7.2-2ubuntu1) ]
  ignore line: [COMPILER_PATH=/usr/lib/gcc/x86_64-linux-gnu/4.7/:/usr/lib/gcc/x86_64-linux-gnu/4.7/:/usr/lib/gcc/x86_64-linux-gnu/:/usr/lib/gcc/x86_64-linux-gnu/4.7/:/usr/lib/gcc/x86_64-linux-gnu/]
  ignore line: [LIBRARY_PATH=/usr/lib/gcc/x86_64-linux-gnu/4.7/:/usr/lib/gcc/x86_64-linux-gnu/4.7/../../../x86_64-linux-gnu/:/usr/lib/gcc/x86_64-linux-gnu/4.7/../../../../lib/:/lib/x86_64-linux-gnu/:/lib/../lib/:/usr/lib/x86_64-linux-gnu/:/usr/lib/../lib/:/usr/lib/gcc/x86_64-linux-gnu/4.7/../../../:/lib/:/usr/lib/]
  ignore line: [COLLECT_GCC_OPTIONS='-v' '-o' 'cmTryCompileExec399787681' '-rdynamic' '-shared-libgcc' '-mtune=generic' '-march=x86-64']
  link line: [ /usr/lib/gcc/x86_64-linux-gnu/4.7/collect2 --sysroot=/ --build-id --no-add-needed --as-needed --eh-frame-hdr -m elf_x86_64 --hash-style=gnu -export-dynamic -dynamic-linker /lib64/ld-linux-x86-64.so.2 -z relro -o cmTryCompileExec399787681 /usr/lib/gcc/x86_64-linux-gnu/4.7/../../../x86_64-linux-gnu/crt1.o /usr/lib/gcc/x86_64-linux-gnu/4.7/../../../x86_64-linux-gnu/crti.o /usr/lib/gcc/x86_64-linux-gnu/4.7/crtbegin.o -L/usr/lib/gcc/x86_64-linux-gnu/4.7 -L/usr/lib/gcc/x86_64-linux-gnu/4.7/../../../x86_64-linux-gnu -L/usr/lib/gcc/x86_64-linux-gnu/4.7/../../../../lib -L/lib/x86_64-linux-gnu -L/lib/../lib -L/usr/lib/x86_64-linux-gnu -L/usr/lib/../lib -L/usr/lib/gcc/x86_64-linux-gnu/4.7/../../.. CMakeFiles/cmTryCompileExec399787681.dir/CMakeCXXCompilerABI.cpp.o -lstdc++ -lm -lgcc_s -lgcc -lc -lgcc_s -lgcc /usr/lib/gcc/x86_64-linux-gnu/4.7/crtend.o /usr/lib/gcc/x86_64-linux-gnu/4.7/../../../x86_64-linux-gnu/crtn.o]
    arg [/usr/lib/gcc/x86_64-linux-gnu/4.7/collect2] ==> ignore
    arg [--sysroot=/] ==> ignore
    arg [--build-id] ==> ignore
    arg [--no-add-needed] ==> ignore
    arg [--as-needed] ==> ignore
    arg [--eh-frame-hdr] ==> ignore
    arg [-m] ==> ignore
    arg [elf_x86_64] ==> ignore
    arg [--hash-style=gnu] ==> ignore
    arg [-export-dynamic] ==> ignore
    arg [-dynamic-linker] ==> ignore
    arg [/lib64/ld-linux-x86-64.so.2] ==> ignore
    arg [-zrelro] ==> ignore
    arg [-o] ==> ignore
    arg [cmTryCompileExec399787681] ==> ignore
    arg [/usr/lib/gcc/x86_64-linux-gnu/4.7/../../../x86_64-linux-gnu/crt1.o] ==> ignore
    arg [/usr/lib/gcc/x86_64-linux-gnu/4.7/../../../x86_64-linux-gnu/crti.o] ==> ignore
    arg [/usr/lib/gcc/x86_64-linux-gnu/4.7/crtbegin.o] ==> ignore
    arg [-L/usr/lib/gcc/x86_64-linux-gnu/4.7] ==> dir [/usr/lib/gcc/x86_64-linux-gnu/4.7]
    arg [-L/usr/lib/gcc/x86_64-linux-gnu/4.7/../../../x86_64-linux-gnu] ==> dir [/usr/lib/gcc/x86_64-linux-gnu/4.7/../../../x86_64-linux-gnu]
    arg [-L/usr/lib/gcc/x86_64-linux-gnu/4.7/../../../../lib] ==> dir [/usr/lib/gcc/x86_64-linux-gnu/4.7/../../../../lib]
    arg [-L/lib/x86_64-linux-gnu] ==> dir [/lib/x86_64-linux-gnu]
    arg [-L/lib/../lib] ==> dir [/lib/../lib]
    arg [-L/usr/lib/x86_64-linux-gnu] ==> dir [/usr/lib/x86_64-linux-gnu]
    arg [-L/usr/lib/../lib] ==> dir [/usr/lib/../lib]
    arg [-L/usr/lib/gcc/x86_64-linux-gnu/4.7/../../..] ==> dir [/usr/lib/gcc/x86_64-linux-gnu/4.7/../../..]
    arg [CMakeFiles/cmTryCompileExec399787681.dir/CMakeCXXCompilerABI.cpp.o] ==> ignore
    arg [-lstdc++] ==> lib [stdc++]
    arg [-lm] ==> lib [m]
    arg [-lgcc_s] ==> lib [gcc_s]
    arg [-lgcc] ==> lib [gcc]
    arg [-lc] ==> lib [c]
    arg [-lgcc_s] ==> lib [gcc_s]
    arg [-lgcc] ==> lib [gcc]
    arg [/usr/lib/gcc/x86_64-linux-gnu/4.7/crtend.o] ==> ignore
    arg [/usr/lib/gcc/x86_64-linux-gnu/4.7/../../../x86_64-linux-gnu/crtn.o] ==> ignore
  remove lib [gcc_s]
  remove lib [gcc]
  remove lib [gcc_s]
  remove lib [gcc]
  collapse dir [/usr/lib/gcc/x86_64-linux-gnu/4.7] ==> [/usr/lib/gcc/x86_64-linux-gnu/4.7]
  collapse dir [/usr/lib/gcc/x86_64-linux-gnu/4.7/../../../x86_64-linux-gnu] ==> [/usr/lib/x86_64-linux-gnu]
  collapse dir [/usr/lib/gcc/x86_64-linux-gnu/4.7/../../../../lib] ==> [/usr/lib]
  collapse dir [/lib/x86_64-linux-gnu] ==> [/lib/x86_64-linux-gnu]
  collapse dir [/lib/../lib] ==> [/lib]
  collapse dir [/usr/lib/x86_64-linux-gnu] ==> [/usr/lib/x86_64-linux-gnu]
  collapse dir [/usr/lib/../lib] ==> [/usr/lib]
  collapse dir [/usr/lib/gcc/x86_64-linux-gnu/4.7/../../..] ==> [/usr/lib]
  implicit libs: [stdc++;m;c]
  implicit dirs: [/usr/lib/gcc/x86_64-linux-gnu/4.7;/usr/lib/x86_64-linux-gnu;/usr/lib;/lib/x86_64-linux-gnu;/lib]


Determining if the function XOpenDisplay exists in the /usr/lib/x86_64-linux-gnu/libX11.so;/usr/lib/x86_64-linux-gnu/libXext.so passed with the following output:
Change Dir: /home/anthony/clemsonResearch/obdgpslogger/build/CMakeFiles/CMakeTmp

Run Build Command:/usr/bin/make "cmTryCompileExec241032338/fast"
/usr/bin/make -f CMakeFiles/cmTryCompileExec241032338.dir/build.make CMakeFiles/cmTryCompileExec241032338.dir/build
make[1]: Entering directory `/home/anthony/clemsonResearch/obdgpslogger/build/CMakeFiles/CMakeTmp'
/usr/bin/cmake -E cmake_progress_report /home/anthony/clemsonResearch/obdgpslogger/build/CMakeFiles/CMakeTmp/CMakeFiles 1
Building C object CMakeFiles/cmTryCompileExec241032338.dir/CheckFunctionExists.c.o
/usr/bin/gcc   -DCHECK_FUNCTION_EXISTS=XOpenDisplay   -o CMakeFiles/cmTryCompileExec241032338.dir/CheckFunctionExists.c.o   -c /usr/share/cmake-2.8/Modules/CheckFunctionExists.c
Linking C executable cmTryCompileExec241032338
/usr/bin/cmake -E cmake_link_script CMakeFiles/cmTryCompileExec241032338.dir/link.txt --verbose=1
/usr/bin/gcc     -DCHECK_FUNCTION_EXISTS=XOpenDisplay    CMakeFiles/cmTryCompileExec241032338.dir/CheckFunctionExists.c.o  -o cmTryCompileExec241032338 -rdynamic -lX11 -lXext 
make[1]: Leaving directory `/home/anthony/clemsonResearch/obdgpslogger/build/CMakeFiles/CMakeTmp'


Determining if the function gethostbyname exists passed with the following output:
Change Dir: /home/anthony/clemsonResearch/obdgpslogger/build/CMakeFiles/CMakeTmp

Run Build Command:/usr/bin/make "cmTryCompileExec2303160635/fast"
/usr/bin/make -f CMakeFiles/cmTryCompileExec2303160635.dir/build.make CMakeFiles/cmTryCompileExec2303160635.dir/build
make[1]: Entering directory `/home/anthony/clemsonResearch/obdgpslogger/build/CMakeFiles/CMakeTmp'
/usr/bin/cmake -E cmake_progress_report /home/anthony/clemsonResearch/obdgpslogger/build/CMakeFiles/CMakeTmp/CMakeFiles 1
Building C object CMakeFiles/cmTryCompileExec2303160635.dir/CheckFunctionExists.c.o
/usr/bin/gcc   -DCHECK_FUNCTION_EXISTS=gethostbyname   -o CMakeFiles/cmTryCompileExec2303160635.dir/CheckFunctionExists.c.o   -c /usr/share/cmake-2.8/Modules/CheckFunctionExists.c
Linking C executable cmTryCompileExec2303160635
/usr/bin/cmake -E cmake_link_script CMakeFiles/cmTryCompileExec2303160635.dir/link.txt --verbose=1
/usr/bin/gcc     -DCHECK_FUNCTION_EXISTS=gethostbyname    CMakeFiles/cmTryCompileExec2303160635.dir/CheckFunctionExists.c.o  -o cmTryCompileExec2303160635 -rdynamic 
make[1]: Leaving directory `/home/anthony/clemsonResearch/obdgpslogger/build/CMakeFiles/CMakeTmp'


Determining if the function connect exists passed with the following output:
Change Dir: /home/anthony/clemsonResearch/obdgpslogger/build/CMakeFiles/CMakeTmp

Run Build Command:/usr/bin/make "cmTryCompileExec1065107786/fast"
/usr/bin/make -f CMakeFiles/cmTryCompileExec1065107786.dir/build.make CMakeFiles/cmTryCompileExec1065107786.dir/build
make[1]: Entering directory `/home/anthony/clemsonResearch/obdgpslogger/build/CMakeFiles/CMakeTmp'
/usr/bin/cmake -E cmake_progress_report /home/anthony/clemsonResearch/obdgpslogger/build/CMakeFiles/CMakeTmp/CMakeFiles 1
Building C object CMakeFiles/cmTryCompileExec1065107786.dir/CheckFunctionExists.c.o
/usr/bin/gcc   -DCHECK_FUNCTION_EXISTS=connect   -o CMakeFiles/cmTryCompileExec1065107786.dir/CheckFunctionExists.c.o   -c /usr/share/cmake-2.8/Modules/CheckFunctionExists.c
Linking C executable cmTryCompileExec1065107786
/usr/bin/cmake -E cmake_link_script CMakeFiles/cmTryCompileExec1065107786.dir/link.txt --verbose=1
/usr/bin/gcc     -DCHECK_FUNCTION_EXISTS=connect    CMakeFiles/cmTryCompileExec1065107786.dir/CheckFunctionExists.c.o  -o cmTryCompileExec1065107786 -rdynamic 
make[1]: Leaving directory `/home/anthony/clemsonResearch/obdgpslogger/build/CMakeFiles/CMakeTmp'


Determining if the function remove exists passed with the following output:
Change Dir: /home/anthony/clemsonResearch/obdgpslogger/build/CMakeFiles/CMakeTmp

Run Build Command:/usr/bin/make "cmTryCompileExec3348125287/fast"
/usr/bin/make -f CMakeFiles/cmTryCompileExec3348125287.dir/build.make CMakeFiles/cmTryCompileExec3348125287.dir/build
make[1]: Entering directory `/home/anthony/clemsonResearch/obdgpslogger/build/CMakeFiles/CMakeTmp'
/usr/bin/cmake -E cmake_progress_report /home/anthony/clemsonResearch/obdgpslogger/build/CMakeFiles/CMakeTmp/CMakeFiles 1
Building C object CMakeFiles/cmTryCompileExec3348125287.dir/CheckFunctionExists.c.o
/usr/bin/gcc   -DCHECK_FUNCTION_EXISTS=remove   -o CMakeFiles/cmTryCompileExec3348125287.dir/CheckFunctionExists.c.o   -c /usr/share/cmake-2.8/Modules/CheckFunctionExists.c
Linking C executable cmTryCompileExec3348125287
/usr/bin/cmake -E cmake_link_script CMakeFiles/cmTryCompileExec3348125287.dir/link.txt --verbose=1
/usr/bin/gcc     -DCHECK_FUNCTION_EXISTS=remove    CMakeFiles/cmTryCompileExec3348125287.dir/CheckFunctionExists.c.o  -o cmTryCompileExec3348125287 -rdynamic 
make[1]: Leaving directory `/home/anthony/clemsonResearch/obdgpslogger/build/CMakeFiles/CMakeTmp'


Determining if the function shmat exists passed with the following output:
Change Dir: /home/anthony/clemsonResearch/obdgpslogger/build/CMakeFiles/CMakeTmp

Run Build Command:/usr/bin/make "cmTryCompileExec2431982542/fast"
/usr/bin/make -f CMakeFiles/cmTryCompileExec2431982542.dir/build.make CMakeFiles/cmTryCompileExec2431982542.dir/build
make[1]: Entering directory `/home/anthony/clemsonResearch/obdgpslogger/build/CMakeFiles/CMakeTmp'
/usr/bin/cmake -E cmake_progress_report /home/anthony/clemsonResearch/obdgpslogger/build/CMakeFiles/CMakeTmp/CMakeFiles 1
Building C object CMakeFiles/cmTryCompileExec2431982542.dir/CheckFunctionExists.c.o
/usr/bin/gcc   -DCHECK_FUNCTION_EXISTS=shmat   -o CMakeFiles/cmTryCompileExec2431982542.dir/CheckFunctionExists.c.o   -c /usr/share/cmake-2.8/Modules/CheckFunctionExists.c
Linking C executable cmTryCompileExec2431982542
/usr/bin/cmake -E cmake_link_script CMakeFiles/cmTryCompileExec2431982542.dir/link.txt --verbose=1
/usr/bin/gcc     -DCHECK_FUNCTION_EXISTS=shmat    CMakeFiles/cmTryCompileExec2431982542.dir/CheckFunctionExists.c.o  -o cmTryCompileExec2431982542 -rdynamic 
make[1]: Leaving directory `/home/anthony/clemsonResearch/obdgpslogger/build/CMakeFiles/CMakeTmp'


Determining if the function IceConnectionNumber exists in the ICE passed with the following output:
Change Dir: /home/anthony/clemsonResearch/obdgpslogger/build/CMakeFiles/CMakeTmp

Run Build Command:/usr/bin/make "cmTryCompileExec4021809134/fast"
/usr/bin/make -f CMakeFiles/cmTryCompileExec4021809134.dir/build.make CMakeFiles/cmTryCompileExec4021809134.dir/build
make[1]: Entering directory `/home/anthony/clemsonResearch/obdgpslogger/build/CMakeFiles/CMakeTmp'
/usr/bin/cmake -E cmake_progress_report /home/anthony/clemsonResearch/obdgpslogger/build/CMakeFiles/CMakeTmp/CMakeFiles 1
Building C object CMakeFiles/cmTryCompileExec4021809134.dir/CheckFunctionExists.c.o
/usr/bin/gcc   -DCHECK_FUNCTION_EXISTS=IceConnectionNumber   -o CMakeFiles/cmTryCompileExec4021809134.dir/CheckFunctionExists.c.o   -c /usr/share/cmake-2.8/Modules/CheckFunctionExists.c
Linking C executable cmTryCompileExec4021809134
/usr/bin/cmake -E cmake_link_script CMakeFiles/cmTryCompileExec4021809134.dir/link.txt --verbose=1
/usr/bin/gcc     -DCHECK_FUNCTION_EXISTS=IceConnectionNumber    CMakeFiles/cmTryCompileExec4021809134.dir/CheckFunctionExists.c.o  -o cmTryCompileExec4021809134 -rdynamic -lICE 
make[1]: Leaving directory `/home/anthony/clemsonResearch/obdgpslogger/build/CMakeFiles/CMakeTmp'


Determining if the function gps_stream exists passed with the following output:
Change Dir: /home/anthony/clemsonResearch/obdgpslogger/build/CMakeFiles/CMakeTmp

Run Build Command:/usr/bin/make "cmTryCompileExec3437806705/fast"
/usr/bin/make -f CMakeFiles/cmTryCompileExec3437806705.dir/build.make CMakeFiles/cmTryCompileExec3437806705.dir/build
make[1]: Entering directory `/home/anthony/clemsonResearch/obdgpslogger/build/CMakeFiles/CMakeTmp'
/usr/bin/cmake -E cmake_progress_report /home/anthony/clemsonResearch/obdgpslogger/build/CMakeFiles/CMakeTmp/CMakeFiles 1
Building C object CMakeFiles/cmTryCompileExec3437806705.dir/CheckFunctionExists.c.o
/usr/bin/gcc   -DCHECK_FUNCTION_EXISTS=gps_stream   -o CMakeFiles/cmTryCompileExec3437806705.dir/CheckFunctionExists.c.o   -c /usr/share/cmake-2.8/Modules/CheckFunctionExists.c
Linking C executable cmTryCompileExec3437806705
/usr/bin/cmake -E cmake_link_script CMakeFiles/cmTryCompileExec3437806705.dir/link.txt --verbose=1
/usr/bin/gcc     -DCHECK_FUNCTION_EXISTS=gps_stream    CMakeFiles/cmTryCompileExec3437806705.dir/CheckFunctionExists.c.o  -o cmTryCompileExec3437806705 -rdynamic -lgps 
make[1]: Leaving directory `/home/anthony/clemsonResearch/obdgpslogger/build/CMakeFiles/CMakeTmp'


Determining if the function ptsname_r exists passed with the following output:
Change Dir: /home/anthony/clemsonResearch/obdgpslogger/build/CMakeFiles/CMakeTmp

Run Build Command:/usr/bin/make "cmTryCompileExec1601039379/fast"
/usr/bin/make -f CMakeFiles/cmTryCompileExec1601039379.dir/build.make CMakeFiles/cmTryCompileExec1601039379.dir/build
make[1]: Entering directory `/home/anthony/clemsonResearch/obdgpslogger/build/CMakeFiles/CMakeTmp'
/usr/bin/cmake -E cmake_progress_report /home/anthony/clemsonResearch/obdgpslogger/build/CMakeFiles/CMakeTmp/CMakeFiles 1
Building C object CMakeFiles/cmTryCompileExec1601039379.dir/CheckFunctionExists.c.o
/usr/bin/gcc   -DCHECK_FUNCTION_EXISTS=ptsname_r   -o CMakeFiles/cmTryCompileExec1601039379.dir/CheckFunctionExists.c.o   -c /usr/share/cmake-2.8/Modules/CheckFunctionExists.c
Linking C executable cmTryCompileExec1601039379
/usr/bin/cmake -E cmake_link_script CMakeFiles/cmTryCompileExec1601039379.dir/link.txt --verbose=1
/usr/bin/gcc     -DCHECK_FUNCTION_EXISTS=ptsname_r    CMakeFiles/cmTryCompileExec1601039379.dir/CheckFunctionExists.c.o  -o cmTryCompileExec1601039379 -rdynamic -lgps 
make[1]: Leaving directory `/home/anthony/clemsonResearch/obdgpslogger/build/CMakeFiles/CMakeTmp'


Determining if files signal.h exist passed with the following output:
Change Dir: /home/anthony/clemsonResearch/obdgpslogger/build/CMakeFiles/CMakeTmp

Run Build Command:/usr/bin/make "cmTryCompileExec3065519103/fast"
/usr/bin/make -f CMakeFiles/cmTryCompileExec3065519103.dir/build.make CMakeFiles/cmTryCompileExec3065519103.dir/build
make[1]: Entering directory `/home/anthony/clemsonResearch/obdgpslogger/build/CMakeFiles/CMakeTmp'
/usr/bin/cmake -E cmake_progress_report /home/anthony/clemsonResearch/obdgpslogger/build/CMakeFiles/CMakeTmp/CMakeFiles 1
Building C object CMakeFiles/cmTryCompileExec3065519103.dir/CheckIncludeFiles.c.o
/usr/bin/gcc    -o CMakeFiles/cmTryCompileExec3065519103.dir/CheckIncludeFiles.c.o   -c /home/anthony/clemsonResearch/obdgpslogger/build/CMakeFiles/CMakeTmp/CheckIncludeFiles.c
Linking C executable cmTryCompileExec3065519103
/usr/bin/cmake -E cmake_link_script CMakeFiles/cmTryCompileExec3065519103.dir/link.txt --verbose=1
/usr/bin/gcc         CMakeFiles/cmTryCompileExec3065519103.dir/CheckIncludeFiles.c.o  -o cmTryCompileExec3065519103 -rdynamic 
make[1]: Leaving directory `/home/anthony/clemsonResearch/obdgpslogger/build/CMakeFiles/CMakeTmp'


Determining if the sigaction exist passed with the following output:
Change Dir: /home/anthony/clemsonResearch/obdgpslogger/build/CMakeFiles/CMakeTmp

Run Build Command:/usr/bin/make "cmTryCompileExec1488091280/fast"
/usr/bin/make -f CMakeFiles/cmTryCompileExec1488091280.dir/build.make CMakeFiles/cmTryCompileExec1488091280.dir/build
make[1]: Entering directory `/home/anthony/clemsonResearch/obdgpslogger/build/CMakeFiles/CMakeTmp'
/usr/bin/cmake -E cmake_progress_report /home/anthony/clemsonResearch/obdgpslogger/build/CMakeFiles/CMakeTmp/CMakeFiles 1
Building C object CMakeFiles/cmTryCompileExec1488091280.dir/CheckSymbolExists.c.o
/usr/bin/gcc    -o CMakeFiles/cmTryCompileExec1488091280.dir/CheckSymbolExists.c.o   -c /home/anthony/clemsonResearch/obdgpslogger/build/CMakeFiles/CMakeTmp/CheckSymbolExists.c
Linking C executable cmTryCompileExec1488091280
/usr/bin/cmake -E cmake_link_script CMakeFiles/cmTryCompileExec1488091280.dir/link.txt --verbose=1
/usr/bin/gcc         CMakeFiles/cmTryCompileExec1488091280.dir/CheckSymbolExists.c.o  -o cmTryCompileExec1488091280 -rdynamic -lgps 
make[1]: Leaving directory `/home/anthony/clemsonResearch/obdgpslogger/build/CMakeFiles/CMakeTmp'

File /home/anthony/clemsonResearch/obdgpslogger/build/CMakeFiles/CMakeTmp/CheckSymbolExists.c:
/* */
#include <signal.h>

int main(int argc, char** argv)
{
  (void)argv;
#ifndef sigaction
  return ((int*)(&sigaction))[argc];
#else
  (void)argc;
  return 0;
#endif
}

Determining if the signal exist passed with the following output:
Change Dir: /home/anthony/clemsonResearch/obdgpslogger/build/CMakeFiles/CMakeTmp

Run Build Command:/usr/bin/make "cmTryCompileExec2862229258/fast"
/usr/bin/make -f CMakeFiles/cmTryCompileExec2862229258.dir/build.make CMakeFiles/cmTryCompileExec2862229258.dir/build
make[1]: Entering directory `/home/anthony/clemsonResearch/obdgpslogger/build/CMakeFiles/CMakeTmp'
/usr/bin/cmake -E cmake_progress_report /home/anthony/clemsonResearch/obdgpslogger/build/CMakeFiles/CMakeTmp/CMakeFiles 1
Building C object CMakeFiles/cmTryCompileExec2862229258.dir/CheckSymbolExists.c.o
/usr/bin/gcc    -o CMakeFiles/cmTryCompileExec2862229258.dir/CheckSymbolExists.c.o   -c /home/anthony/clemsonResearch/obdgpslogger/build/CMakeFiles/CMakeTmp/CheckSymbolExists.c
Linking C executable cmTryCompileExec2862229258
/usr/bin/cmake -E cmake_link_script CMakeFiles/cmTryCompileExec2862229258.dir/link.txt --verbose=1
/usr/bin/gcc         CMakeFiles/cmTryCompileExec2862229258.dir/CheckSymbolExists.c.o  -o cmTryCompileExec2862229258 -rdynamic -lgps 
make[1]: Leaving directory `/home/anthony/clemsonResearch/obdgpslogger/build/CMakeFiles/CMakeTmp'

File /home/anthony/clemsonResearch/obdgpslogger/build/CMakeFiles/CMakeTmp/CheckSymbolExists.c:
/* */
#include <signal.h>

int main(int argc, char** argv)
{
  (void)argv;
#ifndef signal
  return ((int*)(&signal))[argc];
#else
  (void)argc;
  return 0;
#endif
}

Determining if the function dlopen exists passed with the following output:
Change Dir: /home/anthony/clemsonResearch/obdgpslogger/build/CMakeFiles/CMakeTmp

Run Build Command:/usr/bin/make "cmTryCompileExec3547795037/fast"
/usr/bin/make -f CMakeFiles/cmTryCompileExec3547795037.dir/build.make CMakeFiles/cmTryCompileExec3547795037.dir/build
make[1]: Entering directory `/home/anthony/clemsonResearch/obdgpslogger/build/CMakeFiles/CMakeTmp'
/usr/bin/cmake -E cmake_progress_report /home/anthony/clemsonResearch/obdgpslogger/build/CMakeFiles/CMakeTmp/CMakeFiles 1
Building C object CMakeFiles/cmTryCompileExec3547795037.dir/CheckFunctionExists.c.o
/usr/bin/gcc   -DCHECK_FUNCTION_EXISTS=dlopen   -o CMakeFiles/cmTryCompileExec3547795037.dir/CheckFunctionExists.c.o   -c /usr/share/cmake-2.8/Modules/CheckFunctionExists.c
Linking C executable cmTryCompileExec3547795037
/usr/bin/cmake -E cmake_link_script CMakeFiles/cmTryCompileExec3547795037.dir/link.txt --verbose=1
/usr/bin/gcc     -DCHECK_FUNCTION_EXISTS=dlopen    CMakeFiles/cmTryCompileExec3547795037.dir/CheckFunctionExists.c.o  -o cmTryCompileExec3547795037 -rdynamic -ldl 
make[1]: Leaving directory `/home/anthony/clemsonResearch/obdgpslogger/build/CMakeFiles/CMakeTmp'


Determining if files sys/socket.h exist passed with the following output:
Change Dir: /home/anthony/clemsonResearch/obdgpslogger/build/CMakeFiles/CMakeTmp

Run Build Command:/usr/bin/make "cmTryCompileExec3373807966/fast"
/usr/bin/make -f CMakeFiles/cmTryCompileExec3373807966.dir/build.make CMakeFiles/cmTryCompileExec3373807966.dir/build
make[1]: Entering directory `/home/anthony/clemsonResearch/obdgpslogger/build/CMakeFiles/CMakeTmp'
/usr/bin/cmake -E cmake_progress_report /home/anthony/clemsonResearch/obdgpslogger/build/CMakeFiles/CMakeTmp/CMakeFiles 1
Building C object CMakeFiles/cmTryCompileExec3373807966.dir/CheckIncludeFiles.c.o
/usr/bin/gcc    -o CMakeFiles/cmTryCompileExec3373807966.dir/CheckIncludeFiles.c.o   -c /home/anthony/clemsonResearch/obdgpslogger/build/CMakeFiles/CMakeTmp/CheckIncludeFiles.c
Linking C executable cmTryCompileExec3373807966
/usr/bin/cmake -E cmake_link_script CMakeFiles/cmTryCompileExec3373807966.dir/link.txt --verbose=1
/usr/bin/gcc         CMakeFiles/cmTryCompileExec3373807966.dir/CheckIncludeFiles.c.o  -o cmTryCompileExec3373807966 -rdynamic 
make[1]: Leaving directory `/home/anthony/clemsonResearch/obdgpslogger/build/CMakeFiles/CMakeTmp'


Determining if files netdb.h exist passed with the following output:
Change Dir: /home/anthony/clemsonResearch/obdgpslogger/build/CMakeFiles/CMakeTmp

Run Build Command:/usr/bin/make "cmTryCompileExec1011371326/fast"
/usr/bin/make -f CMakeFiles/cmTryCompileExec1011371326.dir/build.make CMakeFiles/cmTryCompileExec1011371326.dir/build
make[1]: Entering directory `/home/anthony/clemsonResearch/obdgpslogger/build/CMakeFiles/CMakeTmp'
/usr/bin/cmake -E cmake_progress_report /home/anthony/clemsonResearch/obdgpslogger/build/CMakeFiles/CMakeTmp/CMakeFiles 1
Building C object CMakeFiles/cmTryCompileExec1011371326.dir/CheckIncludeFiles.c.o
/usr/bin/gcc    -o CMakeFiles/cmTryCompileExec1011371326.dir/CheckIncludeFiles.c.o   -c /home/anthony/clemsonResearch/obdgpslogger/build/CMakeFiles/CMakeTmp/CheckIncludeFiles.c
Linking C executable cmTryCompileExec1011371326
/usr/bin/cmake -E cmake_link_script CMakeFiles/cmTryCompileExec1011371326.dir/link.txt --verbose=1
/usr/bin/gcc         CMakeFiles/cmTryCompileExec1011371326.dir/CheckIncludeFiles.c.o  -o cmTryCompileExec1011371326 -rdynamic 
make[1]: Leaving directory `/home/anthony/clemsonResearch/obdgpslogger/build/CMakeFiles/CMakeTmp'


Determining if the getaddrinfo exist passed with the following output:
Change Dir: /home/anthony/clemsonResearch/obdgpslogger/build/CMakeFiles/CMakeTmp

Run Build Command:/usr/bin/make "cmTryCompileExec2716604972/fast"
/usr/bin/make -f CMakeFiles/cmTryCompileExec2716604972.dir/build.make CMakeFiles/cmTryCompileExec2716604972.dir/build
make[1]: Entering directory `/home/anthony/clemsonResearch/obdgpslogger/build/CMakeFiles/CMakeTmp'
/usr/bin/cmake -E cmake_progress_report /home/anthony/clemsonResearch/obdgpslogger/build/CMakeFiles/CMakeTmp/CMakeFiles 1
Building C object CMakeFiles/cmTryCompileExec2716604972.dir/CheckSymbolExists.c.o
/usr/bin/gcc    -o CMakeFiles/cmTryCompileExec2716604972.dir/CheckSymbolExists.c.o   -c /home/anthony/clemsonResearch/obdgpslogger/build/CMakeFiles/CMakeTmp/CheckSymbolExists.c
Linking C executable cmTryCompileExec2716604972
/usr/bin/cmake -E cmake_link_script CMakeFiles/cmTryCompileExec2716604972.dir/link.txt --verbose=1
/usr/bin/gcc         CMakeFiles/cmTryCompileExec2716604972.dir/CheckSymbolExists.c.o  -o cmTryCompileExec2716604972 -rdynamic -ldl 
make[1]: Leaving directory `/home/anthony/clemsonResearch/obdgpslogger/build/CMakeFiles/CMakeTmp'

File /home/anthony/clemsonResearch/obdgpslogger/build/CMakeFiles/CMakeTmp/CheckSymbolExists.c:
/* */
#include <netdb.h>

int main(int argc, char** argv)
{
  (void)argv;
#ifndef getaddrinfo
  return ((int*)(&getaddrinfo))[argc];
#else
  (void)argc;
  return 0;
#endif
}

Determining if the function posix_openpt exists passed with the following output:
Change Dir: /home/anthony/clemsonResearch/obdgpslogger/build/CMakeFiles/CMakeTmp

Run Build Command:/usr/bin/make "cmTryCompileExec955997136/fast"
/usr/bin/make -f CMakeFiles/cmTryCompileExec955997136.dir/build.make CMakeFiles/cmTryCompileExec955997136.dir/build
make[1]: Entering directory `/home/anthony/clemsonResearch/obdgpslogger/build/CMakeFiles/CMakeTmp'
/usr/bin/cmake -E cmake_progress_report /home/anthony/clemsonResearch/obdgpslogger/build/CMakeFiles/CMakeTmp/CMakeFiles 1
Building C object CMakeFiles/cmTryCompileExec955997136.dir/CheckFunctionExists.c.o
/usr/bin/gcc   -DCHECK_FUNCTION_EXISTS=posix_openpt   -o CMakeFiles/cmTryCompileExec955997136.dir/CheckFunctionExists.c.o   -c /usr/share/cmake-2.8/Modules/CheckFunctionExists.c
Linking C executable cmTryCompileExec955997136
/usr/bin/cmake -E cmake_link_script CMakeFiles/cmTryCompileExec955997136.dir/link.txt --verbose=1
/usr/bin/gcc     -DCHECK_FUNCTION_EXISTS=posix_openpt    CMakeFiles/cmTryCompileExec955997136.dir/CheckFunctionExists.c.o  -o cmTryCompileExec955997136 -rdynamic -ldl 
make[1]: Leaving directory `/home/anthony/clemsonResearch/obdgpslogger/build/CMakeFiles/CMakeTmp'


Determining if the function gettimeofday exists passed with the following output:
Change Dir: /home/anthony/clemsonResearch/obdgpslogger/build/CMakeFiles/CMakeTmp

Run Build Command:/usr/bin/make "cmTryCompileExec2685265473/fast"
/usr/bin/make -f CMakeFiles/cmTryCompileExec2685265473.dir/build.make CMakeFiles/cmTryCompileExec2685265473.dir/build
make[1]: Entering directory `/home/anthony/clemsonResearch/obdgpslogger/build/CMakeFiles/CMakeTmp'
/usr/bin/cmake -E cmake_progress_report /home/anthony/clemsonResearch/obdgpslogger/build/CMakeFiles/CMakeTmp/CMakeFiles 1
Building C object CMakeFiles/cmTryCompileExec2685265473.dir/CheckFunctionExists.c.o
/usr/bin/gcc   -DCHECK_FUNCTION_EXISTS=gettimeofday   -o CMakeFiles/cmTryCompileExec2685265473.dir/CheckFunctionExists.c.o   -c /usr/share/cmake-2.8/Modules/CheckFunctionExists.c
Linking C executable cmTryCompileExec2685265473
/usr/bin/cmake -E cmake_link_script CMakeFiles/cmTryCompileExec2685265473.dir/link.txt --verbose=1
/usr/bin/gcc     -DCHECK_FUNCTION_EXISTS=gettimeofday    CMakeFiles/cmTryCompileExec2685265473.dir/CheckFunctionExists.c.o  -o cmTryCompileExec2685265473 -rdynamic -ldl 
make[1]: Leaving directory `/home/anthony/clemsonResearch/obdgpslogger/build/CMakeFiles/CMakeTmp'


Determining if the function socket exists passed with the following output:
Change Dir: /home/anthony/clemsonResearch/obdgpslogger/build/CMakeFiles/CMakeTmp

Run Build Command:/usr/bin/make "cmTryCompileExec2583500428/fast"
/usr/bin/make -f CMakeFiles/cmTryCompileExec2583500428.dir/build.make CMakeFiles/cmTryCompileExec2583500428.dir/build
make[1]: Entering directory `/home/anthony/clemsonResearch/obdgpslogger/build/CMakeFiles/CMakeTmp'
/usr/bin/cmake -E cmake_progress_report /home/anthony/clemsonResearch/obdgpslogger/build/CMakeFiles/CMakeTmp/CMakeFiles 1
Building C object CMakeFiles/cmTryCompileExec2583500428.dir/CheckFunctionExists.c.o
/usr/bin/gcc   -DCHECK_FUNCTION_EXISTS=socket   -o CMakeFiles/cmTryCompileExec2583500428.dir/CheckFunctionExists.c.o   -c /usr/share/cmake-2.8/Modules/CheckFunctionExists.c
Linking C executable cmTryCompileExec2583500428
/usr/bin/cmake -E cmake_link_script CMakeFiles/cmTryCompileExec2583500428.dir/link.txt --verbose=1
/usr/bin/gcc     -DCHECK_FUNCTION_EXISTS=socket    CMakeFiles/cmTryCompileExec2583500428.dir/CheckFunctionExists.c.o  -o cmTryCompileExec2583500428 -rdynamic -ldl 
make[1]: Leaving directory `/home/anthony/clemsonResearch/obdgpslogger/build/CMakeFiles/CMakeTmp'


