This file contains any messages produced by compilers while
running configure, to aid debugging if configure makes a mistake.

It was created by freediag configure 1.0.0, which was
generated by GNU Autoconf 2.67.  Invocation command line was

  $ ./configure 

## --------- ##
## Platform. ##
## --------- ##

hostname = anthony-Lenovo-V570
uname -m = i686
uname -r = 3.0.0-17-generic
uname -s = Linux
uname -v = #30-Ubuntu SMP Thu Mar 8 17:34:21 UTC 2012

/usr/bin/uname -p = unknown
/bin/uname -X     = unknown

/bin/arch              = unknown
/usr/bin/arch -k       = unknown
/usr/convex/getsysinfo = unknown
/usr/bin/hostinfo      = unknown
/bin/machine           = unknown
/usr/bin/oslevel       = unknown
/bin/universe          = unknown

PATH: /usr/lib/lightdm/lightdm
PATH: /usr/local/sbin
PATH: /usr/local/bin
PATH: /usr/sbin
PATH: /usr/bin
PATH: /sbin
PATH: /bin
PATH: /usr/games


## ----------- ##
## Core tests. ##
## ----------- ##

configure:2334: checking for a BSD-compatible install
configure:2402: result: /usr/bin/install -c
configure:2413: checking whether build environment is sane
configure:2463: result: yes
configure:2604: checking for a thread-safe mkdir -p
configure:2643: result: /bin/mkdir -p
configure:2656: checking for gawk
configure:2672: found /usr/bin/gawk
configure:2683: result: gawk
configure:2694: checking whether make sets $(MAKE)
configure:2716: result: yes
configure:2849: checking for gcc
configure:2865: found /usr/bin/gcc
configure:2876: result: gcc
configure:3105: checking for C compiler version
configure:3114: gcc --version >&5
gcc (Ubuntu/Linaro 4.6.1-9ubuntu3) 4.6.1
Copyright (C) 2011 Free Software Foundation, Inc.
This is free software; see the source for copying conditions.  There is NO
warranty; not even for MERCHANTABILITY or FITNESS FOR A PARTICULAR PURPOSE.

configure:3125: $? = 0
configure:3114: gcc -v >&5
Using built-in specs.
COLLECT_GCC=gcc
COLLECT_LTO_WRAPPER=/usr/lib/gcc/i686-linux-gnu/4.6.1/lto-wrapper
Target: i686-linux-gnu
Configured with: ../src/configure -v --with-pkgversion='Ubuntu/Linaro 4.6.1-9ubuntu3' --with-bugurl=file:///usr/share/doc/gcc-4.6/README.Bugs --enable-languages=c,c++,fortran,objc,obj-c++,go --prefix=/usr --program-suffix=-4.6 --enable-shared --enable-linker-build-id --with-system-zlib --libexecdir=/usr/lib --without-included-gettext --enable-threads=posix --with-gxx-include-dir=/usr/include/c++/4.6 --libdir=/usr/lib --enable-nls --with-sysroot=/ --enable-clocale=gnu --enable-libstdcxx-debug --enable-libstdcxx-time=yes --enable-plugin --enable-objc-gc --enable-targets=all --disable-werror --with-arch-32=i686 --with-tune=generic --enable-checking=release --build=i686-linux-gnu --host=i686-linux-gnu --target=i686-linux-gnu
Thread model: posix
gcc version 4.6.1 (Ubuntu/Linaro 4.6.1-9ubuntu3) 
configure:3125: $? = 0
configure:3114: gcc -V >&5
gcc: error: unrecognized option '-V'
gcc: fatal error: no input files
compilation terminated.
configure:3125: $? = 4
configure:3114: gcc -qversion >&5
gcc: error: unrecognized option '-qversion'
gcc: fatal error: no input files
compilation terminated.
configure:3125: $? = 4
configure:3145: checking whether the C compiler works
configure:3167: gcc    conftest.c  >&5
configure:3171: $? = 0
configure:3219: result: yes
configure:3222: checking for C compiler default output file name
configure:3224: result: a.out
configure:3230: checking for suffix of executables
configure:3237: gcc -o conftest    conftest.c  >&5
configure:3241: $? = 0
configure:3263: result: 
configure:3285: checking whether we are cross compiling
configure:3293: gcc -o conftest    conftest.c  >&5
configure:3297: $? = 0
configure:3304: ./conftest
configure:3308: $? = 0
configure:3323: result: no
configure:3328: checking for suffix of object files
configure:3350: gcc -c   conftest.c >&5
configure:3354: $? = 0
configure:3375: result: o
configure:3379: checking whether we are using the GNU C compiler
configure:3398: gcc -c   conftest.c >&5
configure:3398: $? = 0
configure:3407: result: yes
configure:3416: checking whether gcc accepts -g
configure:3436: gcc -c -g  conftest.c >&5
configure:3436: $? = 0
configure:3477: result: yes
configure:3494: checking for gcc option to accept ISO C89
configure:3558: gcc  -c -g -O2  conftest.c >&5
configure:3558: $? = 0
configure:3571: result: none needed
configure:3602: checking for style of include used by make
configure:3630: result: GNU
configure:3655: checking dependency style of gcc
configure:3765: result: gcc3
configure:3838: checking for g++
configure:3854: found /usr/bin/g++
configure:3865: result: g++
configure:3892: checking for C++ compiler version
configure:3901: g++ --version >&5
g++ (Ubuntu/Linaro 4.6.1-9ubuntu3) 4.6.1
Copyright (C) 2011 Free Software Foundation, Inc.
This is free software; see the source for copying conditions.  There is NO
warranty; not even for MERCHANTABILITY or FITNESS FOR A PARTICULAR PURPOSE.

configure:3912: $? = 0
configure:3901: g++ -v >&5
Using built-in specs.
COLLECT_GCC=g++
COLLECT_LTO_WRAPPER=/usr/lib/gcc/i686-linux-gnu/4.6.1/lto-wrapper
Target: i686-linux-gnu
Configured with: ../src/configure -v --with-pkgversion='Ubuntu/Linaro 4.6.1-9ubuntu3' --with-bugurl=file:///usr/share/doc/gcc-4.6/README.Bugs --enable-languages=c,c++,fortran,objc,obj-c++,go --prefix=/usr --program-suffix=-4.6 --enable-shared --enable-linker-build-id --with-system-zlib --libexecdir=/usr/lib --without-included-gettext --enable-threads=posix --with-gxx-include-dir=/usr/include/c++/4.6 --libdir=/usr/lib --enable-nls --with-sysroot=/ --enable-clocale=gnu --enable-libstdcxx-debug --enable-libstdcxx-time=yes --enable-plugin --enable-objc-gc --enable-targets=all --disable-werror --with-arch-32=i686 --with-tune=generic --enable-checking=release --build=i686-linux-gnu --host=i686-linux-gnu --target=i686-linux-gnu
Thread model: posix
gcc version 4.6.1 (Ubuntu/Linaro 4.6.1-9ubuntu3) 
configure:3912: $? = 0
configure:3901: g++ -V >&5
g++: error: unrecognized option '-V'
g++: fatal error: no input files
compilation terminated.
configure:3912: $? = 4
configure:3901: g++ -qversion >&5
g++: error: unrecognized option '-qversion'
g++: fatal error: no input files
compilation terminated.
configure:3912: $? = 4
configure:3916: checking whether we are using the GNU C++ compiler
configure:3935: g++ -c   conftest.cpp >&5
configure:3935: $? = 0
configure:3944: result: yes
configure:3953: checking whether g++ accepts -g
configure:3973: g++ -c -g  conftest.cpp >&5
configure:3973: $? = 0
configure:4014: result: yes
configure:4039: checking dependency style of g++
configure:4149: result: gcc3
configure:4208: checking for ranlib
configure:4224: found /usr/bin/ranlib
configure:4235: result: ranlib
configure:4261: checking for sin in -lm
configure:4286: gcc -o conftest -g -O2   conftest.c -lm   >&5
conftest.c:18:6: warning: conflicting types for built-in function 'sin' [enabled by default]
configure:4286: $? = 0
configure:4295: result: yes
configure:4306: checking for tparm in -lncurses
configure:4331: gcc -o conftest -g -O2   conftest.c -lncurses  -lm  >&5
configure:4331: $? = 0
configure:4340: result: yes
configure:4405: checking how to run the C preprocessor
configure:4436: gcc -E  conftest.c
configure:4436: $? = 0
configure:4450: gcc -E  conftest.c
conftest.c:13:28: fatal error: ac_nonexistent.h: No such file or directory
compilation terminated.
configure:4450: $? = 1
configure: failed program was:
| /* confdefs.h */
| #define PACKAGE_NAME "freediag"
| #define PACKAGE_TARNAME "freediag"
| #define PACKAGE_VERSION "1.0.0"
| #define PACKAGE_STRING "freediag 1.0.0"
| #define PACKAGE_BUGREPORT "freediag-discuss@lists.sourceforge.net"
| #define PACKAGE_URL "freediag.sourceforge.net"
| #define PACKAGE "freediag"
| #define VERSION "1.0.0"
| #define HAVE_LIBM 1
| #define HAVE_LIBNCURSES 1
| /* end confdefs.h.  */
| #include <ac_nonexistent.h>
configure:4475: result: gcc -E
configure:4495: gcc -E  conftest.c
configure:4495: $? = 0
configure:4509: gcc -E  conftest.c
conftest.c:13:28: fatal error: ac_nonexistent.h: No such file or directory
compilation terminated.
configure:4509: $? = 1
configure: failed program was:
| /* confdefs.h */
| #define PACKAGE_NAME "freediag"
| #define PACKAGE_TARNAME "freediag"
| #define PACKAGE_VERSION "1.0.0"
| #define PACKAGE_STRING "freediag 1.0.0"
| #define PACKAGE_BUGREPORT "freediag-discuss@lists.sourceforge.net"
| #define PACKAGE_URL "freediag.sourceforge.net"
| #define PACKAGE "freediag"
| #define VERSION "1.0.0"
| #define HAVE_LIBM 1
| #define HAVE_LIBNCURSES 1
| /* end confdefs.h.  */
| #include <ac_nonexistent.h>
configure:4538: checking for grep that handles long lines and -e
configure:4596: result: /bin/grep
configure:4601: checking for egrep
configure:4663: result: /bin/grep -E
configure:4668: checking for ANSI C header files
configure:4688: gcc -c -g -O2  conftest.c >&5
configure:4688: $? = 0
configure:4761: gcc -o conftest -g -O2   conftest.c -lncurses -lm  >&5
configure:4761: $? = 0
configure:4761: ./conftest
configure:4761: $? = 0
configure:4772: result: yes
configure:4785: checking for sys/types.h
configure:4785: gcc -c -g -O2  conftest.c >&5
configure:4785: $? = 0
configure:4785: result: yes
configure:4785: checking for sys/stat.h
configure:4785: gcc -c -g -O2  conftest.c >&5
configure:4785: $? = 0
configure:4785: result: yes
configure:4785: checking for stdlib.h
configure:4785: gcc -c -g -O2  conftest.c >&5
configure:4785: $? = 0
configure:4785: result: yes
configure:4785: checking for string.h
configure:4785: gcc -c -g -O2  conftest.c >&5
configure:4785: $? = 0
configure:4785: result: yes
configure:4785: checking for memory.h
configure:4785: gcc -c -g -O2  conftest.c >&5
configure:4785: $? = 0
configure:4785: result: yes
configure:4785: checking for strings.h
configure:4785: gcc -c -g -O2  conftest.c >&5
configure:4785: $? = 0
configure:4785: result: yes
configure:4785: checking for inttypes.h
configure:4785: gcc -c -g -O2  conftest.c >&5
configure:4785: $? = 0
configure:4785: result: yes
configure:4785: checking for stdint.h
configure:4785: gcc -c -g -O2  conftest.c >&5
configure:4785: $? = 0
configure:4785: result: yes
configure:4785: checking for unistd.h
configure:4785: gcc -c -g -O2  conftest.c >&5
configure:4785: $? = 0
configure:4785: result: yes
configure:4800: checking fcntl.h usability
configure:4800: gcc -c -g -O2  conftest.c >&5
configure:4800: $? = 0
configure:4800: result: yes
configure:4800: checking fcntl.h presence
configure:4800: gcc -E  conftest.c
configure:4800: $? = 0
configure:4800: result: yes
configure:4800: checking for fcntl.h
configure:4800: result: yes
configure:4800: checking for stdint.h
configure:4800: result: yes
configure:4800: checking for stdlib.h
configure:4800: result: yes
configure:4800: checking for string.h
configure:4800: result: yes
configure:4800: checking sys/ioctl.h usability
configure:4800: gcc -c -g -O2  conftest.c >&5
configure:4800: $? = 0
configure:4800: result: yes
configure:4800: checking sys/ioctl.h presence
configure:4800: gcc -E  conftest.c
configure:4800: $? = 0
configure:4800: result: yes
configure:4800: checking for sys/ioctl.h
configure:4800: result: yes
configure:4800: checking sys/time.h usability
configure:4800: gcc -c -g -O2  conftest.c >&5
configure:4800: $? = 0
configure:4800: result: yes
configure:4800: checking sys/time.h presence
configure:4800: gcc -E  conftest.c
configure:4800: $? = 0
configure:4800: result: yes
configure:4800: checking for sys/time.h
configure:4800: result: yes
configure:4800: checking termios.h usability
configure:4800: gcc -c -g -O2  conftest.c >&5
configure:4800: $? = 0
configure:4800: result: yes
configure:4800: checking termios.h presence
configure:4800: gcc -E  conftest.c
configure:4800: $? = 0
configure:4800: result: yes
configure:4800: checking for termios.h
configure:4800: result: yes
configure:4800: checking for unistd.h
configure:4800: result: yes
configure:4812: checking for size_t
configure:4812: gcc -c -g -O2  conftest.c >&5
configure:4812: $? = 0
configure:4812: gcc -c -g -O2  conftest.c >&5
conftest.c: In function 'main':
conftest.c:67:21: error: expected expression before ')' token
configure:4812: $? = 1
configure: failed program was:
| /* confdefs.h */
| #define PACKAGE_NAME "freediag"
| #define PACKAGE_TARNAME "freediag"
| #define PACKAGE_VERSION "1.0.0"
| #define PACKAGE_STRING "freediag 1.0.0"
| #define PACKAGE_BUGREPORT "freediag-discuss@lists.sourceforge.net"
| #define PACKAGE_URL "freediag.sourceforge.net"
| #define PACKAGE "freediag"
| #define VERSION "1.0.0"
| #define HAVE_LIBM 1
| #define HAVE_LIBNCURSES 1
| #define STDC_HEADERS 1
| #define HAVE_SYS_TYPES_H 1
| #define HAVE_SYS_STAT_H 1
| #define HAVE_STDLIB_H 1
| #define HAVE_STRING_H 1
| #define HAVE_MEMORY_H 1
| #define HAVE_STRINGS_H 1
| #define HAVE_INTTYPES_H 1
| #define HAVE_STDINT_H 1
| #define HAVE_UNISTD_H 1
| #define HAVE_FCNTL_H 1
| #define HAVE_STDINT_H 1
| #define HAVE_STDLIB_H 1
| #define HAVE_STRING_H 1
| #define HAVE_SYS_IOCTL_H 1
| #define HAVE_SYS_TIME_H 1
| #define HAVE_TERMIOS_H 1
| #define HAVE_UNISTD_H 1
| /* end confdefs.h.  */
| #include <stdio.h>
| #ifdef HAVE_SYS_TYPES_H
| # include <sys/types.h>
| #endif
| #ifdef HAVE_SYS_STAT_H
| # include <sys/stat.h>
| #endif
| #ifdef STDC_HEADERS
| # include <stdlib.h>
| # include <stddef.h>
| #else
| # ifdef HAVE_STDLIB_H
| #  include <stdlib.h>
| # endif
| #endif
| #ifdef HAVE_STRING_H
| # if !defined STDC_HEADERS && defined HAVE_MEMORY_H
| #  include <memory.h>
| # endif
| # include <string.h>
| #endif
| #ifdef HAVE_STRINGS_H
| # include <strings.h>
| #endif
| #ifdef HAVE_INTTYPES_H
| # include <inttypes.h>
| #endif
| #ifdef HAVE_STDINT_H
| # include <stdint.h>
| #endif
| #ifdef HAVE_UNISTD_H
| # include <unistd.h>
| #endif
| int
| main ()
| {
| if (sizeof ((size_t)))
| 	    return 0;
|   ;
|   return 0;
| }
configure:4812: result: yes
configure:4823: checking for ssize_t
configure:4823: gcc -c -g -O2  conftest.c >&5
configure:4823: $? = 0
configure:4823: gcc -c -g -O2  conftest.c >&5
conftest.c: In function 'main':
conftest.c:67:22: error: expected expression before ')' token
configure:4823: $? = 1
configure: failed program was:
| /* confdefs.h */
| #define PACKAGE_NAME "freediag"
| #define PACKAGE_TARNAME "freediag"
| #define PACKAGE_VERSION "1.0.0"
| #define PACKAGE_STRING "freediag 1.0.0"
| #define PACKAGE_BUGREPORT "freediag-discuss@lists.sourceforge.net"
| #define PACKAGE_URL "freediag.sourceforge.net"
| #define PACKAGE "freediag"
| #define VERSION "1.0.0"
| #define HAVE_LIBM 1
| #define HAVE_LIBNCURSES 1
| #define STDC_HEADERS 1
| #define HAVE_SYS_TYPES_H 1
| #define HAVE_SYS_STAT_H 1
| #define HAVE_STDLIB_H 1
| #define HAVE_STRING_H 1
| #define HAVE_MEMORY_H 1
| #define HAVE_STRINGS_H 1
| #define HAVE_INTTYPES_H 1
| #define HAVE_STDINT_H 1
| #define HAVE_UNISTD_H 1
| #define HAVE_FCNTL_H 1
| #define HAVE_STDINT_H 1
| #define HAVE_STDLIB_H 1
| #define HAVE_STRING_H 1
| #define HAVE_SYS_IOCTL_H 1
| #define HAVE_SYS_TIME_H 1
| #define HAVE_TERMIOS_H 1
| #define HAVE_UNISTD_H 1
| /* end confdefs.h.  */
| #include <stdio.h>
| #ifdef HAVE_SYS_TYPES_H
| # include <sys/types.h>
| #endif
| #ifdef HAVE_SYS_STAT_H
| # include <sys/stat.h>
| #endif
| #ifdef STDC_HEADERS
| # include <stdlib.h>
| # include <stddef.h>
| #else
| # ifdef HAVE_STDLIB_H
| #  include <stdlib.h>
| # endif
| #endif
| #ifdef HAVE_STRING_H
| # if !defined STDC_HEADERS && defined HAVE_MEMORY_H
| #  include <memory.h>
| # endif
| # include <string.h>
| #endif
| #ifdef HAVE_STRINGS_H
| # include <strings.h>
| #endif
| #ifdef HAVE_INTTYPES_H
| # include <inttypes.h>
| #endif
| #ifdef HAVE_STDINT_H
| # include <stdint.h>
| #endif
| #ifdef HAVE_UNISTD_H
| # include <unistd.h>
| #endif
| int
| main ()
| {
| if (sizeof ((ssize_t)))
| 	    return 0;
|   ;
|   return 0;
| }
configure:4823: result: yes
configure:4834: checking for uint16_t
configure:4834: gcc -c -g -O2  conftest.c >&5
configure:4834: $? = 0
configure:4834: result: yes
configure:4846: checking for uint32_t
configure:4846: gcc -c -g -O2  conftest.c >&5
configure:4846: $? = 0
configure:4846: result: yes
configure:4860: checking for uint8_t
configure:4860: gcc -c -g -O2  conftest.c >&5
configure:4860: $? = 0
configure:4860: result: yes
configure:4878: checking for stdlib.h
configure:4878: result: yes
configure:4888: checking for GNU libc compatible malloc
configure:4912: gcc -o conftest -g -O2   conftest.c -lncurses -lm  >&5
configure:4912: $? = 0
configure:4912: ./conftest
configure:4912: $? = 0
configure:4922: result: yes
configure:4947: checking for alarm
configure:4947: gcc -o conftest -g -O2   conftest.c -lncurses -lm  >&5
configure:4947: $? = 0
configure:4947: result: yes
configure:4947: checking for gettimeofday
configure:4947: gcc -o conftest -g -O2   conftest.c -lncurses -lm  >&5
configure:4947: $? = 0
configure:4947: result: yes
configure:4947: checking for memset
configure:4947: gcc -o conftest -g -O2   conftest.c -lncurses -lm  >&5
conftest.c:58:6: warning: conflicting types for built-in function 'memset' [enabled by default]
configure:4947: $? = 0
configure:4947: result: yes
configure:4947: checking for select
configure:4947: gcc -o conftest -g -O2   conftest.c -lncurses -lm  >&5
configure:4947: $? = 0
configure:4947: result: yes
configure:4947: checking for strcasecmp
configure:4947: gcc -o conftest -g -O2   conftest.c -lncurses -lm  >&5
conftest.c:60:6: warning: conflicting types for built-in function 'strcasecmp' [enabled by default]
configure:4947: $? = 0
configure:4947: result: yes
configure:4947: checking for strerror
configure:4947: gcc -o conftest -g -O2   conftest.c -lncurses -lm  >&5
configure:4947: $? = 0
configure:4947: result: yes
configure:4947: checking for strrchr
configure:4947: gcc -o conftest -g -O2   conftest.c -lncurses -lm  >&5
conftest.c:62:6: warning: conflicting types for built-in function 'strrchr' [enabled by default]
configure:4947: $? = 0
configure:4947: result: yes
configure:4947: checking for strtol
configure:4947: gcc -o conftest -g -O2   conftest.c -lncurses -lm  >&5
configure:4947: $? = 0
configure:4947: result: yes
configure:4985: checking for pid_t
configure:4985: gcc -c -g -O2  conftest.c >&5
configure:4985: $? = 0
configure:4985: gcc -c -g -O2  conftest.c >&5
conftest.c: In function 'main':
conftest.c:78:20: error: expected expression before ')' token
configure:4985: $? = 1
configure: failed program was:
| /* confdefs.h */
| #define PACKAGE_NAME "freediag"
| #define PACKAGE_TARNAME "freediag"
| #define PACKAGE_VERSION "1.0.0"
| #define PACKAGE_STRING "freediag 1.0.0"
| #define PACKAGE_BUGREPORT "freediag-discuss@lists.sourceforge.net"
| #define PACKAGE_URL "freediag.sourceforge.net"
| #define PACKAGE "freediag"
| #define VERSION "1.0.0"
| #define HAVE_LIBM 1
| #define HAVE_LIBNCURSES 1
| #define STDC_HEADERS 1
| #define HAVE_SYS_TYPES_H 1
| #define HAVE_SYS_STAT_H 1
| #define HAVE_STDLIB_H 1
| #define HAVE_STRING_H 1
| #define HAVE_MEMORY_H 1
| #define HAVE_STRINGS_H 1
| #define HAVE_INTTYPES_H 1
| #define HAVE_STDINT_H 1
| #define HAVE_UNISTD_H 1
| #define HAVE_FCNTL_H 1
| #define HAVE_STDINT_H 1
| #define HAVE_STDLIB_H 1
| #define HAVE_STRING_H 1
| #define HAVE_SYS_IOCTL_H 1
| #define HAVE_SYS_TIME_H 1
| #define HAVE_TERMIOS_H 1
| #define HAVE_UNISTD_H 1
| #define HAVE_STDLIB_H 1
| #define HAVE_MALLOC 1
| #define HAVE_ALARM 1
| #define HAVE_GETTIMEOFDAY 1
| #define HAVE_MEMSET 1
| #define HAVE_SELECT 1
| #define HAVE_STRCASECMP 1
| #define HAVE_STRERROR 1
| #define HAVE_STRRCHR 1
| #define HAVE_STRTOL 1
| #define DONT_USE_RCFILE /**/
| /* end confdefs.h.  */
| #include <stdio.h>
| #ifdef HAVE_SYS_TYPES_H
| # include <sys/types.h>
| #endif
| #ifdef HAVE_SYS_STAT_H
| # include <sys/stat.h>
| #endif
| #ifdef STDC_HEADERS
| # include <stdlib.h>
| # include <stddef.h>
| #else
| # ifdef HAVE_STDLIB_H
| #  include <stdlib.h>
| # endif
| #endif
| #ifdef HAVE_STRING_H
| # if !defined STDC_HEADERS && defined HAVE_MEMORY_H
| #  include <memory.h>
| # endif
| # include <string.h>
| #endif
| #ifdef HAVE_STRINGS_H
| # include <strings.h>
| #endif
| #ifdef HAVE_INTTYPES_H
| # include <inttypes.h>
| #endif
| #ifdef HAVE_STDINT_H
| # include <stdint.h>
| #endif
| #ifdef HAVE_UNISTD_H
| # include <unistd.h>
| #endif
| int
| main ()
| {
| if (sizeof ((pid_t)))
| 	    return 0;
|   ;
|   return 0;
| }
configure:4985: result: yes
configure:5466: scangui will not be built
configure:5611: creating ./config.status

## ---------------------- ##
## Running config.status. ##
## ---------------------- ##

This file was extended by freediag config.status 1.0.0, which was
generated by GNU Autoconf 2.67.  Invocation command line was

  CONFIG_FILES    = 
  CONFIG_HEADERS  = 
  CONFIG_LINKS    = 
  CONFIG_COMMANDS = 
  $ ./config.status 

on anthony-Lenovo-V570

config.status:893: creating Makefile
config.status:893: creating scantool/Makefile
config.status:893: creating scangui/Makefile
config.status:893: creating config.h
config.status:1121: executing depfiles commands

## ---------------- ##
## Cache variables. ##
## ---------------- ##

ac_cv_c_compiler_gnu=yes
ac_cv_c_uint16_t=yes
ac_cv_c_uint32_t=yes
ac_cv_c_uint8_t=yes
ac_cv_cxx_compiler_gnu=yes
ac_cv_env_CCC_set=
ac_cv_env_CCC_value=
ac_cv_env_CC_set=
ac_cv_env_CC_value=
ac_cv_env_CFLAGS_set=
ac_cv_env_CFLAGS_value=
ac_cv_env_CPPFLAGS_set=
ac_cv_env_CPPFLAGS_value=
ac_cv_env_CPP_set=
ac_cv_env_CPP_value=
ac_cv_env_CXXFLAGS_set=
ac_cv_env_CXXFLAGS_value=
ac_cv_env_CXX_set=
ac_cv_env_CXX_value=
ac_cv_env_LDFLAGS_set=
ac_cv_env_LDFLAGS_value=
ac_cv_env_LIBS_set=
ac_cv_env_LIBS_value=
ac_cv_env_XMKMF_set=
ac_cv_env_XMKMF_value=
ac_cv_env_build_alias_set=
ac_cv_env_build_alias_value=
ac_cv_env_host_alias_set=
ac_cv_env_host_alias_value=
ac_cv_env_target_alias_set=
ac_cv_env_target_alias_value=
ac_cv_func_alarm=yes
ac_cv_func_gettimeofday=yes
ac_cv_func_malloc_0_nonnull=yes
ac_cv_func_memset=yes
ac_cv_func_select=yes
ac_cv_func_strcasecmp=yes
ac_cv_func_strerror=yes
ac_cv_func_strrchr=yes
ac_cv_func_strtol=yes
ac_cv_header_fcntl_h=yes
ac_cv_header_inttypes_h=yes
ac_cv_header_memory_h=yes
ac_cv_header_stdc=yes
ac_cv_header_stdint_h=yes
ac_cv_header_stdlib_h=yes
ac_cv_header_string_h=yes
ac_cv_header_strings_h=yes
ac_cv_header_sys_ioctl_h=yes
ac_cv_header_sys_stat_h=yes
ac_cv_header_sys_time_h=yes
ac_cv_header_sys_types_h=yes
ac_cv_header_termios_h=yes
ac_cv_header_unistd_h=yes
ac_cv_lib_m_sin=yes
ac_cv_lib_ncurses_tparm=yes
ac_cv_objext=o
ac_cv_path_EGREP='/bin/grep -E'
ac_cv_path_GREP=/bin/grep
ac_cv_path_install='/usr/bin/install -c'
ac_cv_path_mkdir=/bin/mkdir
ac_cv_prog_AWK=gawk
ac_cv_prog_CPP='gcc -E'
ac_cv_prog_ac_ct_CC=gcc
ac_cv_prog_ac_ct_CXX=g++
ac_cv_prog_ac_ct_RANLIB=ranlib
ac_cv_prog_cc_c89=
ac_cv_prog_cc_g=yes
ac_cv_prog_cxx_g=yes
ac_cv_prog_make_make_set=yes
ac_cv_type_pid_t=yes
ac_cv_type_size_t=yes
ac_cv_type_ssize_t=yes
am_cv_CC_dependencies_compiler_type=gcc3
am_cv_CXX_dependencies_compiler_type=gcc3

## ----------------- ##
## Output variables. ##
## ----------------- ##

ACLOCAL='${SHELL} /home/anthony/ClemsonVibrationResearch/freediag/missing --run aclocal-1.11'
AMDEPBACKSLASH='\'
AMDEP_FALSE='#'
AMDEP_TRUE=''
AMTAR='${SHELL} /home/anthony/ClemsonVibrationResearch/freediag/missing --run tar'
AUTOCONF='${SHELL} /home/anthony/ClemsonVibrationResearch/freediag/missing --run autoconf'
AUTOHEADER='${SHELL} /home/anthony/ClemsonVibrationResearch/freediag/missing --run autoheader'
AUTOMAKE='${SHELL} /home/anthony/ClemsonVibrationResearch/freediag/missing --run automake-1.11'
AWK='gawk'
BUILDSCANGUI_FALSE=''
BUILDSCANGUI_TRUE='#'
CC='gcc'
CCDEPMODE='depmode=gcc3'
CFLAGS='-g -O2'
CPP='gcc -E'
CPPFLAGS=''
CXX='g++'
CXXDEPMODE='depmode=gcc3'
CXXFLAGS='-g -O2'
CYGPATH_W='echo'
DEFS='-DHAVE_CONFIG_H'
DEPDIR='.deps'
ECHO_C=''
ECHO_N='-n'
ECHO_T=''
EGREP='/bin/grep -E'
EXEEXT=''
FLTK_CXXFLAGS=''
FLTK_LDFLAGS=''
GREP='/bin/grep'
INSTALL_DATA='${INSTALL} -m 644'
INSTALL_PROGRAM='${INSTALL}'
INSTALL_SCRIPT='${INSTALL}'
INSTALL_STRIP_PROGRAM='$(install_sh) -c -s'
LDFLAGS=''
LIBOBJS=''
LIBS='-lncurses -lm '
LTLIBOBJS=''
MAKEINFO='${SHELL} /home/anthony/ClemsonVibrationResearch/freediag/missing --run makeinfo'
MKDIR_P='/bin/mkdir -p'
OBJEXT='o'
PACKAGE='freediag'
PACKAGE_BUGREPORT='freediag-discuss@lists.sourceforge.net'
PACKAGE_NAME='freediag'
PACKAGE_STRING='freediag 1.0.0'
PACKAGE_TARNAME='freediag'
PACKAGE_URL='freediag.sourceforge.net'
PACKAGE_VERSION='1.0.0'
PATH_SEPARATOR=':'
RANLIB='ranlib'
SET_MAKE=''
SHELL='/bin/bash'
STRIP=''
VERSION='1.0.0'
XMKMF=''
ac_ct_CC='gcc'
ac_ct_CXX='g++'
am__EXEEXT_FALSE=''
am__EXEEXT_TRUE='#'
am__fastdepCC_FALSE='#'
am__fastdepCC_TRUE=''
am__fastdepCXX_FALSE='#'
am__fastdepCXX_TRUE=''
am__include='include'
am__isrc=''
am__leading_dot='.'
am__quote=''
am__tar='${AMTAR} chof - "$$tardir"'
am__untar='${AMTAR} xf -'
bindir='${exec_prefix}/bin'
build_alias=''
datadir='${datarootdir}'
datarootdir='${prefix}/share'
docdir='${datarootdir}/doc/${PACKAGE_TARNAME}'
dvidir='${docdir}'
exec_prefix='${prefix}'
has_fltk=''
host_alias=''
htmldir='${docdir}'
includedir='${prefix}/include'
infodir='${datarootdir}/info'
install_sh='${SHELL} /home/anthony/ClemsonVibrationResearch/freediag/install-sh'
libdir='${exec_prefix}/lib'
libexecdir='${exec_prefix}/libexec'
localedir='${datarootdir}/locale'
localstatedir='${prefix}/var'
mandir='${datarootdir}/man'
mkdir_p='/bin/mkdir -p'
oldincludedir='/usr/include'
pdfdir='${docdir}'
prefix='/usr/local'
program_transform_name='s,x,x,'
psdir='${docdir}'
sbindir='${exec_prefix}/sbin'
sharedstatedir='${prefix}/com'
sysconfdir='${prefix}/etc'
target_alias=''

## ----------- ##
## confdefs.h. ##
## ----------- ##

/* confdefs.h */
#define PACKAGE_NAME "freediag"
#define PACKAGE_TARNAME "freediag"
#define PACKAGE_VERSION "1.0.0"
#define PACKAGE_STRING "freediag 1.0.0"
#define PACKAGE_BUGREPORT "freediag-discuss@lists.sourceforge.net"
#define PACKAGE_URL "freediag.sourceforge.net"
#define PACKAGE "freediag"
#define VERSION "1.0.0"
#define HAVE_LIBM 1
#define HAVE_LIBNCURSES 1
#define STDC_HEADERS 1
#define HAVE_SYS_TYPES_H 1
#define HAVE_SYS_STAT_H 1
#define HAVE_STDLIB_H 1
#define HAVE_STRING_H 1
#define HAVE_MEMORY_H 1
#define HAVE_STRINGS_H 1
#define HAVE_INTTYPES_H 1
#define HAVE_STDINT_H 1
#define HAVE_UNISTD_H 1
#define HAVE_FCNTL_H 1
#define HAVE_STDINT_H 1
#define HAVE_STDLIB_H 1
#define HAVE_STRING_H 1
#define HAVE_SYS_IOCTL_H 1
#define HAVE_SYS_TIME_H 1
#define HAVE_TERMIOS_H 1
#define HAVE_UNISTD_H 1
#define HAVE_STDLIB_H 1
#define HAVE_MALLOC 1
#define HAVE_ALARM 1
#define HAVE_GETTIMEOFDAY 1
#define HAVE_MEMSET 1
#define HAVE_SELECT 1
#define HAVE_STRCASECMP 1
#define HAVE_STRERROR 1
#define HAVE_STRRCHR 1
#define HAVE_STRTOL 1
#define DONT_USE_RCFILE /**/

configure: exit 0
