anthony@anthony-Lenovo-V570:~$ cpufreq-info
cpufrequtils 007: cpufreq-info (C) Dominik Brodowski 2004-2009
Report errors and bugs to cpufreq@vger.kernel.org, please.
analyzing CPU 0:
  driver: acpi-cpufreq
  CPUs which run at the same hardware frequency: 0 1 2 3 4 5 6 7
  CPUs which need to have their frequency coordinated by software: 0
  maximum transition latency: 10.0 us.
  hardware limits: 800 MHz - 2.00 GHz
  available frequency steps: 2.00 GHz, 2.00 GHz, 1.90 GHz, 1.80 GHz, 1.70 GHz, 1.60 GHz, 1.50 GHz, 1.40 GHz, 1.30 GHz, 1.20 GHz, 1.10 GHz, 1000 MHz, 900 MHz, 800 MHz
  available cpufreq governors: conservative, ondemand, userspace, powersave, performance
  current policy: frequency should be within 800 MHz and 2.00 GHz.
                  The governor "ondemand" may decide which speed to use
                  within this range.
  current CPU frequency is 800 MHz.
  cpufreq stats: 2.00 GHz:4.64%, 2.00 GHz:0.05%, 1.90 GHz:0.05%, 1.80 GHz:0.07%, 1.70 GHz:0.06%, 1.60 GHz:0.07%, 1.50 GHz:0.08%, 1.40 GHz:0.10%, 1.30 GHz:0.14%, 1.20 GHz:0.19%, 1.10 GHz:0.25%, 1000 MHz:0.27%, 900 MHz:0.21%, 800 MHz:93.82%  (22457)
analyzing CPU 1:
  driver: acpi-cpufreq
  CPUs which run at the same hardware frequency: 0 1 2 3 4 5 6 7
  CPUs which need to have their frequency coordinated by software: 1
  maximum transition latency: 10.0 us.
  hardware limits: 800 MHz - 2.00 GHz
  available frequency steps: 2.00 GHz, 2.00 GHz, 1.90 GHz, 1.80 GHz, 1.70 GHz, 1.60 GHz, 1.50 GHz, 1.40 GHz, 1.30 GHz, 1.20 GHz, 1.10 GHz, 1000 MHz, 900 MHz, 800 MHz
  available cpufreq governors: conservative, ondemand, userspace, powersave, performance
  current policy: frequency should be within 800 MHz and 2.00 GHz.
                  The governor "ondemand" may decide which speed to use
                  within this range.
  current CPU frequency is 800 MHz.
  cpufreq stats: 2.00 GHz:5.08%, 2.00 GHz:0.00%, 1.90 GHz:0.00%, 1.80 GHz:0.00%, 1.70 GHz:0.01%, 1.60 GHz:0.00%, 1.50 GHz:0.01%, 1.40 GHz:0.00%, 1.30 GHz:0.00%, 1.20 GHz:0.00%, 1.10 GHz:0.06%, 1000 MHz:0.04%, 900 MHz:0.07%, 800 MHz:94.72%  (263)
analyzing CPU 2:
  driver: acpi-cpufreq
  CPUs which run at the same hardware frequency: 0 1 2 3 4 5 6 7
  CPUs which need to have their frequency coordinated by software: 2
  maximum transition latency: 10.0 us.
  hardware limits: 800 MHz - 2.00 GHz
  available frequency steps: 2.00 GHz, 2.00 GHz, 1.90 GHz, 1.80 GHz, 1.70 GHz, 1.60 GHz, 1.50 GHz, 1.40 GHz, 1.30 GHz, 1.20 GHz, 1.10 GHz, 1000 MHz, 900 MHz, 800 MHz
  available cpufreq governors: conservative, ondemand, userspace, powersave, performance
  current policy: frequency should be within 800 MHz and 2.00 GHz.
                  The governor "ondemand" may decide which speed to use
                  within this range.
  current CPU frequency is 800 MHz.
  cpufreq stats: 2.00 GHz:4.57%, 2.00 GHz:0.04%, 1.90 GHz:0.04%, 1.80 GHz:0.02%, 1.70 GHz:0.05%, 1.60 GHz:0.05%, 1.50 GHz:0.06%, 1.40 GHz:0.07%, 1.30 GHz:0.07%, 1.20 GHz:0.09%, 1.10 GHz:0.11%, 1000 MHz:0.18%, 900 MHz:0.23%, 800 MHz:94.41%  (3023)
analyzing CPU 3:
  driver: acpi-cpufreq
  CPUs which run at the same hardware frequency: 0 1 2 3 4 5 6 7
  CPUs which need to have their frequency coordinated by software: 3
  maximum transition latency: 10.0 us.
  hardware limits: 800 MHz - 2.00 GHz
  available frequency steps: 2.00 GHz, 2.00 GHz, 1.90 GHz, 1.80 GHz, 1.70 GHz, 1.60 GHz, 1.50 GHz, 1.40 GHz, 1.30 GHz, 1.20 GHz, 1.10 GHz, 1000 MHz, 900 MHz, 800 MHz
  available cpufreq governors: conservative, ondemand, userspace, powersave, performance
  current policy: frequency should be within 800 MHz and 2.00 GHz.
                  The governor "ondemand" may decide which speed to use
                  within this range.
  current CPU frequency is 800 MHz.
  cpufreq stats: 2.00 GHz:4.06%, 2.00 GHz:0.00%, 1.90 GHz:0.00%, 1.80 GHz:0.01%, 1.70 GHz:0.02%, 1.60 GHz:0.00%, 1.50 GHz:0.01%, 1.40 GHz:0.00%, 1.30 GHz:0.00%, 1.20 GHz:0.00%, 1.10 GHz:0.14%, 1000 MHz:0.02%, 900 MHz:0.01%, 800 MHz:95.73%  (336)
analyzing CPU 4:
  driver: acpi-cpufreq
  CPUs which run at the same hardware frequency: 0 1 2 3 4 5 6 7
  CPUs which need to have their frequency coordinated by software: 4
  maximum transition latency: 10.0 us.
  hardware limits: 800 MHz - 2.00 GHz
  available frequency steps: 2.00 GHz, 2.00 GHz, 1.90 GHz, 1.80 GHz, 1.70 GHz, 1.60 GHz, 1.50 GHz, 1.40 GHz, 1.30 GHz, 1.20 GHz, 1.10 GHz, 1000 MHz, 900 MHz, 800 MHz
  available cpufreq governors: conservative, ondemand, userspace, powersave, performance
  current policy: frequency should be within 800 MHz and 2.00 GHz.
                  The governor "ondemand" may decide which speed to use
                  within this range.
  current CPU frequency is 800 MHz.
  cpufreq stats: 2.00 GHz:6.17%, 2.00 GHz:0.05%, 1.90 GHz:0.06%, 1.80 GHz:0.10%, 1.70 GHz:0.03%, 1.60 GHz:0.07%, 1.50 GHz:0.06%, 1.40 GHz:0.05%, 1.30 GHz:0.11%, 1.20 GHz:0.05%, 1.10 GHz:0.12%, 1000 MHz:0.16%, 900 MHz:0.14%, 800 MHz:92.85%  (2732)
analyzing CPU 5:
  driver: acpi-cpufreq
  CPUs which run at the same hardware frequency: 0 1 2 3 4 5 6 7
  CPUs which need to have their frequency coordinated by software: 5
  maximum transition latency: 10.0 us.
  hardware limits: 800 MHz - 2.00 GHz
  available frequency steps: 2.00 GHz, 2.00 GHz, 1.90 GHz, 1.80 GHz, 1.70 GHz, 1.60 GHz, 1.50 GHz, 1.40 GHz, 1.30 GHz, 1.20 GHz, 1.10 GHz, 1000 MHz, 900 MHz, 800 MHz
  available cpufreq governors: conservative, ondemand, userspace, powersave, performance
  current policy: frequency should be within 800 MHz and 2.00 GHz.
                  The governor "ondemand" may decide which speed to use
                  within this range.
  current CPU frequency is 800 MHz.
  cpufreq stats: 2.00 GHz:8.13%, 2.00 GHz:0.00%, 1.90 GHz:0.00%, 1.80 GHz:0.00%, 1.70 GHz:0.00%, 1.60 GHz:0.00%, 1.50 GHz:0.00%, 1.40 GHz:0.00%, 1.30 GHz:0.00%, 1.20 GHz:0.00%, 1.10 GHz:0.00%, 1000 MHz:0.03%, 900 MHz:0.00%, 800 MHz:91.83%  (300)
analyzing CPU 6:
  driver: acpi-cpufreq
  CPUs which run at the same hardware frequency: 0 1 2 3 4 5 6 7
  CPUs which need to have their frequency coordinated by software: 6
  maximum transition latency: 10.0 us.
  hardware limits: 800 MHz - 2.00 GHz
  available frequency steps: 2.00 GHz, 2.00 GHz, 1.90 GHz, 1.80 GHz, 1.70 GHz, 1.60 GHz, 1.50 GHz, 1.40 GHz, 1.30 GHz, 1.20 GHz, 1.10 GHz, 1000 MHz, 900 MHz, 800 MHz
  available cpufreq governors: conservative, ondemand, userspace, powersave, performance
  current policy: frequency should be within 800 MHz and 2.00 GHz.
                  The governor "ondemand" may decide which speed to use
                  within this range.
  current CPU frequency is 2.00 GHz.
  cpufreq stats: 2.00 GHz:4.67%, 2.00 GHz:0.03%, 1.90 GHz:0.02%, 1.80 GHz:0.04%, 1.70 GHz:0.01%, 1.60 GHz:0.01%, 1.50 GHz:0.03%, 1.40 GHz:0.02%, 1.30 GHz:0.18%, 1.20 GHz:0.03%, 1.10 GHz:0.10%, 1000 MHz:0.10%, 900 MHz:0.04%, 800 MHz:94.72%  (1545)
analyzing CPU 7:
  driver: acpi-cpufreq
  CPUs which run at the same hardware frequency: 0 1 2 3 4 5 6 7
  CPUs which need to have their frequency coordinated by software: 7
  maximum transition latency: 10.0 us.
  hardware limits: 800 MHz - 2.00 GHz
  available frequency steps: 2.00 GHz, 2.00 GHz, 1.90 GHz, 1.80 GHz, 1.70 GHz, 1.60 GHz, 1.50 GHz, 1.40 GHz, 1.30 GHz, 1.20 GHz, 1.10 GHz, 1000 MHz, 900 MHz, 800 MHz
  available cpufreq governors: conservative, ondemand, userspace, powersave, performance
  current policy: frequency should be within 800 MHz and 2.00 GHz.
                  The governor "ondemand" may decide which speed to use
                  within this range.
  current CPU frequency is 800 MHz.
  cpufreq stats: 2.00 GHz:2.71%, 2.00 GHz:0.00%, 1.90 GHz:0.29%, 1.80 GHz:0.00%, 1.70 GHz:0.08%, 1.60 GHz:0.00%, 1.50 GHz:0.00%, 1.40 GHz:0.10%, 1.30 GHz:0.00%, 1.20 GHz:0.00%, 1.10 GHz:0.00%, 1000 MHz:0.00%, 900 MHz:0.14%, 800 MHz:96.66%  (176)
anthony@anthony-Lenovo-V570:~$ 
